QuestaSim-64 vmap 2022.4 Lib Mapping Utility 2022.10 Oct 18 2022
vmap xilinx_vip /home/azafeer/Desktop/test/reg_sim/reg_sim.cache/compile_simlib/questa/xilinx_vip 
Modifying modelsim.ini
QuestaSim-64 vlog 2022.4 Compiler 2022.10 Oct 18 2022
Start time: 18:38:16 on Jan 19,2024
vlog -sv -64 "+incdir+/cad/xilinx/Vivado/2023.2/data/xilinx_vip/include" -work xilinx_vip -f /home/azafeer/Desktop/test/reg_sim/reg_sim.cache/compile_simlib/questa/xilinx_vip/.cxl.sv.xilinx_vip.xilinx_vip.cmf 
-- Compiling interface axi4stream_vip_axi4streampc
-- Compiling interface axi_vip_axi4pc
** Warning: (vlog-13361) /cad/xilinx/Vivado/2023.2/data/xilinx_vip/hdl/axi_vip_axi4pc.sv(1145): No trigger event inferred in disable expression.
** Warning: (vlog-13361) /cad/xilinx/Vivado/2023.2/data/xilinx_vip/hdl/axi_vip_axi4pc.sv(1166): No trigger event inferred in disable expression.
** Warning: (vlog-13361) /cad/xilinx/Vivado/2023.2/data/xilinx_vip/hdl/axi_vip_axi4pc.sv(1187): No trigger event inferred in disable expression.
** Warning: (vlog-13361) /cad/xilinx/Vivado/2023.2/data/xilinx_vip/hdl/axi_vip_axi4pc.sv(1195): No trigger event inferred in disable expression.
** Warning: (vlog-13361) /cad/xilinx/Vivado/2023.2/data/xilinx_vip/hdl/axi_vip_axi4pc.sv(1226): No trigger event inferred in disable expression.
** Warning: (vlog-13361) /cad/xilinx/Vivado/2023.2/data/xilinx_vip/hdl/axi_vip_axi4pc.sv(1254): No trigger event inferred in disable expression.
** Warning: (vlog-13361) /cad/xilinx/Vivado/2023.2/data/xilinx_vip/hdl/axi_vip_axi4pc.sv(1306): No trigger event inferred in disable expression.
** Warning: (vlog-13361) /cad/xilinx/Vivado/2023.2/data/xilinx_vip/hdl/axi_vip_axi4pc.sv(1339): No trigger event inferred in disable expression.
** Warning: (vlog-13361) /cad/xilinx/Vivado/2023.2/data/xilinx_vip/hdl/axi_vip_axi4pc.sv(1354): No trigger event inferred in disable expression.
** Warning: (vlog-13361) /cad/xilinx/Vivado/2023.2/data/xilinx_vip/hdl/axi_vip_axi4pc.sv(1367): No trigger event inferred in disable expression.
** Warning: (vlog-13361) /cad/xilinx/Vivado/2023.2/data/xilinx_vip/hdl/axi_vip_axi4pc.sv(1380): No trigger event inferred in disable expression.
** Warning: (vlog-13361) /cad/xilinx/Vivado/2023.2/data/xilinx_vip/hdl/axi_vip_axi4pc.sv(1393): No trigger event inferred in disable expression.
** Warning: (vlog-13361) /cad/xilinx/Vivado/2023.2/data/xilinx_vip/hdl/axi_vip_axi4pc.sv(1406): No trigger event inferred in disable expression.
** Warning: (vlog-13361) /cad/xilinx/Vivado/2023.2/data/xilinx_vip/hdl/axi_vip_axi4pc.sv(1419): No trigger event inferred in disable expression.
** Warning: (vlog-13361) /cad/xilinx/Vivado/2023.2/data/xilinx_vip/hdl/axi_vip_axi4pc.sv(1432): No trigger event inferred in disable expression.
** Warning: (vlog-13361) /cad/xilinx/Vivado/2023.2/data/xilinx_vip/hdl/axi_vip_axi4pc.sv(1445): No trigger event inferred in disable expression.
** Warning: (vlog-13361) /cad/xilinx/Vivado/2023.2/data/xilinx_vip/hdl/axi_vip_axi4pc.sv(1458): No trigger event inferred in disable expression.
** Warning: (vlog-13361) /cad/xilinx/Vivado/2023.2/data/xilinx_vip/hdl/axi_vip_axi4pc.sv(1471): No trigger event inferred in disable expression.
** Warning: (vlog-13361) /cad/xilinx/Vivado/2023.2/data/xilinx_vip/hdl/axi_vip_axi4pc.sv(1484): No trigger event inferred in disable expression.
** Warning: (vlog-13361) /cad/xilinx/Vivado/2023.2/data/xilinx_vip/hdl/axi_vip_axi4pc.sv(1703): No trigger event inferred in disable expression.
** Warning: (vlog-13361) /cad/xilinx/Vivado/2023.2/data/xilinx_vip/hdl/axi_vip_axi4pc.sv(1714): No trigger event inferred in disable expression.
** Warning: (vlog-13361) /cad/xilinx/Vivado/2023.2/data/xilinx_vip/hdl/axi_vip_axi4pc.sv(1725): No trigger event inferred in disable expression.
** Warning: (vlog-13361) /cad/xilinx/Vivado/2023.2/data/xilinx_vip/hdl/axi_vip_axi4pc.sv(1736): No trigger event inferred in disable expression.
** Warning: (vlog-13361) /cad/xilinx/Vivado/2023.2/data/xilinx_vip/hdl/axi_vip_axi4pc.sv(1747): No trigger event inferred in disable expression.
** Warning: (vlog-13361) /cad/xilinx/Vivado/2023.2/data/xilinx_vip/hdl/axi_vip_axi4pc.sv(1758): No trigger event inferred in disable expression.
** Warning: (vlog-13361) /cad/xilinx/Vivado/2023.2/data/xilinx_vip/hdl/axi_vip_axi4pc.sv(1769): No trigger event inferred in disable expression.
** Warning: (vlog-13361) /cad/xilinx/Vivado/2023.2/data/xilinx_vip/hdl/axi_vip_axi4pc.sv(1780): No trigger event inferred in disable expression.
** Warning: (vlog-13361) /cad/xilinx/Vivado/2023.2/data/xilinx_vip/hdl/axi_vip_axi4pc.sv(1791): No trigger event inferred in disable expression.
** Warning: (vlog-13361) /cad/xilinx/Vivado/2023.2/data/xilinx_vip/hdl/axi_vip_axi4pc.sv(1802): No trigger event inferred in disable expression.
** Warning: (vlog-13361) /cad/xilinx/Vivado/2023.2/data/xilinx_vip/hdl/axi_vip_axi4pc.sv(1813): No trigger event inferred in disable expression.
** Warning: (vlog-13361) /cad/xilinx/Vivado/2023.2/data/xilinx_vip/hdl/axi_vip_axi4pc.sv(1999): No trigger event inferred in disable expression.
** Warning: (vlog-13361) /cad/xilinx/Vivado/2023.2/data/xilinx_vip/hdl/axi_vip_axi4pc.sv(2014): No trigger event inferred in disable expression.
** Warning: (vlog-13361) /cad/xilinx/Vivado/2023.2/data/xilinx_vip/hdl/axi_vip_axi4pc.sv(2027): No trigger event inferred in disable expression.
** Warning: (vlog-13361) /cad/xilinx/Vivado/2023.2/data/xilinx_vip/hdl/axi_vip_axi4pc.sv(2040): No trigger event inferred in disable expression.
** Warning: (vlog-13361) /cad/xilinx/Vivado/2023.2/data/xilinx_vip/hdl/axi_vip_axi4pc.sv(2085): No trigger event inferred in disable expression.
** Warning: (vlog-13361) /cad/xilinx/Vivado/2023.2/data/xilinx_vip/hdl/axi_vip_axi4pc.sv(2096): No trigger event inferred in disable expression.
** Warning: (vlog-13361) /cad/xilinx/Vivado/2023.2/data/xilinx_vip/hdl/axi_vip_axi4pc.sv(2107): No trigger event inferred in disable expression.
** Warning: (vlog-13361) /cad/xilinx/Vivado/2023.2/data/xilinx_vip/hdl/axi_vip_axi4pc.sv(2224): No trigger event inferred in disable expression.
** Warning: (vlog-13361) /cad/xilinx/Vivado/2023.2/data/xilinx_vip/hdl/axi_vip_axi4pc.sv(2322): No trigger event inferred in disable expression.
** Warning: (vlog-13361) /cad/xilinx/Vivado/2023.2/data/xilinx_vip/hdl/axi_vip_axi4pc.sv(2478): No trigger event inferred in disable expression.
** Warning: (vlog-13361) /cad/xilinx/Vivado/2023.2/data/xilinx_vip/hdl/axi_vip_axi4pc.sv(2630): No trigger event inferred in disable expression.
** Warning: (vlog-13361) /cad/xilinx/Vivado/2023.2/data/xilinx_vip/hdl/axi_vip_axi4pc.sv(2721): No trigger event inferred in disable expression.
** Warning: (vlog-13361) /cad/xilinx/Vivado/2023.2/data/xilinx_vip/hdl/axi_vip_axi4pc.sv(2862): No trigger event inferred in disable expression.
** Warning: (vlog-13361) /cad/xilinx/Vivado/2023.2/data/xilinx_vip/hdl/axi_vip_axi4pc.sv(2888): No trigger event inferred in disable expression.
** Warning: (vlog-13361) /cad/xilinx/Vivado/2023.2/data/xilinx_vip/hdl/axi_vip_axi4pc.sv(2933): No trigger event inferred in disable expression.
** Warning: (vlog-13361) /cad/xilinx/Vivado/2023.2/data/xilinx_vip/hdl/axi_vip_axi4pc.sv(2955): No trigger event inferred in disable expression.
-- Compiling package xil_common_vip_pkg
-- Compiling package axi4stream_vip_pkg
-- Importing package xil_common_vip_pkg
-- Compiling package axi_vip_pkg
-- Compiling package axi4stream_vip_if_sv_unit
-- Importing package axi4stream_vip_pkg
-- Compiling interface axi4stream_vip_if
-- Compiling package axi_vip_if_sv_unit
-- Importing package axi_vip_pkg
-- Compiling interface axi_vip_if
-- Compiling interface clk_vip_if
-- Compiling interface rst_vip_if

Top level modules:
	--none--
End time: 18:38:17 on Jan 19,2024, Elapsed time: 0:00:01
Errors: 0, Warnings: 46
