Vivado Simulator 2019.2
Copyright 1986-1999, 2001-2019 Xilinx, Inc. All Rights Reserved.
Running: /cad/xilinx/Vivado/2019.2/bin/unwrapped/lnx64.o/xelab -wto 05271b77e15d41cd8c532b4cdbcab925 --incr --debug typical --relax --mt 8 --maxdelay -L xil_defaultlib -L simprims_ver -L secureip --snapshot tb_fifo_reg_time_synth -transport_int_delays -pulse_r 0 -pulse_int_r 0 -pulse_e 0 -pulse_int_e 0 xil_defaultlib.tb_fifo_reg xil_defaultlib.glbl -log elaborate.log 
Using 8 slave threads.
Starting static elaboration
Pass Through NonSizing Optimizer
Completed static elaboration
Starting simulation data flow analysis
Completed simulation data flow analysis
INFO: [XSIM 43-3451] SDF backannotation process started with SDF file "tb_fifo_reg_time_synth.sdf", for root module "tb_fifo_reg/dut".
INFO: [XSIM 43-3452] SDF backannotation was successful for SDF file "tb_fifo_reg_time_synth.sdf", for root module "tb_fifo_reg/dut".
Time Resolution for simulation is 1ps
Compiling module simprims_ver.IBUFCTRL_default
Compiling module simprims_ver.INBUF_default
Compiling module xil_defaultlib.IBUF_UNIQ_BASE_
Compiling module simprims_ver.BUFGCE(CE_TYPE="ASYNC",SIM_DEVIC...
Compiling module xil_defaultlib.IBUF_HD209
Compiling module simprims_ver.x_lut2_mux4
Compiling module simprims_ver.LUT2
Compiling module simprims_ver.x_lut3_mux8
Compiling module simprims_ver.LUT3(INIT=8'b11110110)
Compiling module simprims_ver.FDPE_default
Compiling module xil_defaultlib.IBUF_HD210
Compiling module xil_defaultlib.IBUF_HD211
Compiling module xil_defaultlib.IBUF_HD212
Compiling module xil_defaultlib.IBUF_HD213
Compiling module xil_defaultlib.IBUF_HD214
Compiling module xil_defaultlib.IBUF_HD215
Compiling module xil_defaultlib.IBUF_HD216
Compiling module xil_defaultlib.IBUF_HD217
Compiling module xil_defaultlib.IBUF_HD218
Compiling module xil_defaultlib.IBUF_HD219
Compiling module xil_defaultlib.IBUF_HD220
Compiling module xil_defaultlib.IBUF_HD221
Compiling module xil_defaultlib.IBUF_HD222
Compiling module xil_defaultlib.IBUF_HD223
Compiling module xil_defaultlib.IBUF_HD224
Compiling module xil_defaultlib.IBUF_HD225
Compiling module xil_defaultlib.IBUF_HD226
Compiling module xil_defaultlib.IBUF_HD227
Compiling module xil_defaultlib.IBUF_HD228
Compiling module xil_defaultlib.IBUF_HD229
Compiling module xil_defaultlib.IBUF_HD230
Compiling module xil_defaultlib.IBUF_HD231
Compiling module xil_defaultlib.IBUF_HD232
Compiling module xil_defaultlib.IBUF_HD233
Compiling module xil_defaultlib.IBUF_HD234
Compiling module xil_defaultlib.IBUF_HD235
Compiling module xil_defaultlib.IBUF_HD236
Compiling module xil_defaultlib.IBUF_HD237
Compiling module xil_defaultlib.IBUF_HD238
Compiling module xil_defaultlib.IBUF_HD239
Compiling module xil_defaultlib.IBUF_HD240
Compiling module xil_defaultlib.IBUF_HD241
Compiling module simprims_ver.OBUF
Compiling module simprims_ver.FDCE_default
Compiling module simprims_ver.x_lut1_mux2
Compiling module simprims_ver.LUT1(INIT=2'b01)
Compiling module simprims_ver.LUT6
Compiling module xil_defaultlib.ff_d
Compiling module xil_defaultlib.ff_d_0
Compiling module xil_defaultlib.ff_d_1
Compiling module simprims_ver.LUT5
Compiling module xil_defaultlib.ff_d_2
Compiling module xil_defaultlib.IBUF_HD242
Compiling module xil_defaultlib.IBUF_HD243
Compiling module xil_defaultlib.IBUF_HD244
Compiling module xil_defaultlib.fifo_reg
Compiling module xil_defaultlib.tb_fifo_reg
Compiling module xil_defaultlib.glbl
Built simulation snapshot tb_fifo_reg_time_synth
