QuestaSim-64 vmap 2022.4 Lib Mapping Utility 2022.10 Oct 18 2022
vmap xpm /home/azafeer/Desktop/test/reg_sim/reg_sim.cache/compile_simlib/questa/xpm 
Modifying modelsim.ini
QuestaSim-64 vlog 2022.4 Compiler 2022.10 Oct 18 2022
Start time: 18:38:14 on Jan 19,2024
vlog -sv -64 -work xpm -f /home/azafeer/Desktop/test/reg_sim/reg_sim.cache/compile_simlib/questa/xpm/.cxl.ver.xpm.xpm.cmf 
-- Compiling module xpm_cdc_single
-- Compiling module xpm_cdc_gray
-- Compiling module xpm_cdc_handshake
-- Compiling module xpm_cdc_pulse
-- Compiling module xpm_cdc_array_single
-- Compiling module xpm_cdc_sync_rst
-- Compiling module xpm_cdc_async_rst
-- Compiling module xpm_cdc_low_latency_handshake
** Warning: /cad/xilinx/Vivado/2023.2/data/ip/xpm/xpm_noc/hdl/xpm_nmu_mm.sv(96): (vlog-2263) Redefinition of macro: <protected>.
** Warning: /cad/xilinx/Vivado/2023.2/data/ip/xpm/xpm_noc/hdl/xpm_nmu_mm.sv(96): (vlog-2263) Redefinition of macro: <protected>.
** Warning: /cad/xilinx/Vivado/2023.2/data/ip/xpm/xpm_noc/hdl/xpm_nmu_mm.sv(96): (vlog-2240) Treating stand-alone use of function 'pop_front' as an implicit VOID cast.
** Warning: (vlog-13361) <protected>(<protected>): No trigger event inferred in disable expression.
** Warning: (vlog-13361) <protected>(<protected>): No trigger event inferred in disable expression.
** Warning: (vlog-13361) <protected>(<protected>): No trigger event inferred in disable expression.
** Warning: (vlog-13361) <protected>(<protected>): No trigger event inferred in disable expression.
** Warning: (vlog-13361) <protected>(<protected>): No trigger event inferred in disable expression.
** Warning: (vlog-13361) <protected>(<protected>): No trigger event inferred in disable expression.
** Warning: (vlog-13361) <protected>(<protected>): No trigger event inferred in disable expression.
** Warning: (vlog-13361) <protected>(<protected>): No trigger event inferred in disable expression.
** Warning: (vlog-13361) <protected>(<protected>): No trigger event inferred in disable expression.
** Warning: (vlog-13361) <protected>(<protected>): No trigger event inferred in disable expression.
** Warning: (vlog-13361) <protected>(<protected>): No trigger event inferred in disable expression.
** Warning: (vlog-13361) <protected>(<protected>): No trigger event inferred in disable expression.
** Warning: (vlog-13361) <protected>(<protected>): No trigger event inferred in disable expression.
** Warning: (vlog-13361) <protected>(<protected>): No trigger event inferred in disable expression.
** Warning: (vlog-13361) <protected>(<protected>): No trigger event inferred in disable expression.
** Warning: (vlog-13361) <protected>(<protected>): No trigger event inferred in disable expression.
** Warning: (vlog-13361) <protected>(<protected>): No trigger event inferred in disable expression.
** Warning: (vlog-13361) <protected>(<protected>): No trigger event inferred in disable expression.
** Warning: (vlog-13361) <protected>(<protected>): No trigger event inferred in disable expression.
** Warning: (vlog-13361) <protected>(<protected>): No trigger event inferred in disable expression.
** Warning: (vlog-13361) <protected>(<protected>): No trigger event inferred in disable expression.
** Warning: (vlog-13361) <protected>(<protected>): No trigger event inferred in disable expression.
** Warning: (vlog-13361) <protected>(<protected>): No trigger event inferred in disable expression.
** Warning: (vlog-13361) <protected>(<protected>): No trigger event inferred in disable expression.
** Warning: (vlog-13361) <protected>(<protected>): No trigger event inferred in disable expression.
** Warning: (vlog-13361) <protected>(<protected>): No trigger event inferred in disable expression.
** Warning: (vlog-13361) <protected>(<protected>): No trigger event inferred in disable expression.
** Warning: (vlog-13361) <protected>(<protected>): No trigger event inferred in disable expression.
** Warning: (vlog-13361) <protected>(<protected>): No trigger event inferred in disable expression.
** Warning: (vlog-13361) <protected>(<protected>): No trigger event inferred in disable expression.
** Warning: (vlog-13361) <protected>(<protected>): No trigger event inferred in disable expression.
** Warning: (vlog-13361) <protected>(<protected>): No trigger event inferred in disable expression.
** Warning: (vlog-13361) <protected>(<protected>): No trigger event inferred in disable expression.
** Warning: (vlog-13361) <protected>(<protected>): No trigger event inferred in disable expression.
** Warning: (vlog-13361) <protected>(<protected>): No trigger event inferred in disable expression.
** Warning: (vlog-13361) <protected>(<protected>): No trigger event inferred in disable expression.
** Warning: (vlog-13361) <protected>(<protected>): No trigger event inferred in disable expression.
** Warning: (vlog-13361) <protected>(<protected>): No trigger event inferred in disable expression.
** Warning: (vlog-13361) <protected>(<protected>): No trigger event inferred in disable expression.
** Warning: (vlog-13361) <protected>(<protected>): No trigger event inferred in disable expression.
** Warning: (vlog-13361) <protected>(<protected>): No trigger event inferred in disable expression.
** Warning: (vlog-13361) <protected>(<protected>): No trigger event inferred in disable expression.
** Warning: (vlog-13361) <protected>(<protected>): No trigger event inferred in disable expression.
** Warning: (vlog-13361) <protected>(<protected>): No trigger event inferred in disable expression.
** Warning: (vlog-13361) <protected>(<protected>): No trigger event inferred in disable expression.
** Warning: (vlog-13361) <protected>(<protected>): No trigger event inferred in disable expression.
** Warning: /cad/xilinx/Vivado/2023.2/data/ip/xpm/xpm_noc/hdl/xpm_nmu_mm.sv(96): (vlog-2240) Treating stand-alone use of function '<protected>' as an implicit VOID cast.
** Warning: /cad/xilinx/Vivado/2023.2/data/ip/xpm/xpm_noc/hdl/xpm_nmu_mm.sv(96): (vlog-2240) Treating stand-alone use of function '<protected>' as an implicit VOID cast.
** Warning: /cad/xilinx/Vivado/2023.2/data/ip/xpm/xpm_noc/hdl/xpm_nmu_mm.sv(96): (vlog-2240) Treating stand-alone use of function '<protected>' as an implicit VOID cast.
** Warning: /cad/xilinx/Vivado/2023.2/data/ip/xpm/xpm_noc/hdl/xpm_nmu_mm.sv(96): (vlog-2240) Treating stand-alone use of function '<protected>' as an implicit VOID cast.
** Warning: /cad/xilinx/Vivado/2023.2/data/ip/xpm/xpm_noc/hdl/xpm_nmu_mm.sv(96): (vlog-2240) Treating stand-alone use of function '<protected>' as an implicit VOID cast.
** Warning: /cad/xilinx/Vivado/2023.2/data/ip/xpm/xpm_noc/hdl/xpm_nmu_mm.sv(96): (vlog-2240) Treating stand-alone use of function '<protected>' as an implicit VOID cast.
** Warning: /cad/xilinx/Vivado/2023.2/data/ip/xpm/xpm_noc/hdl/xpm_nmu_mm.sv(96): (vlog-2240) Treating stand-alone use of function '<protected>' as an implicit VOID cast.
** Warning: /cad/xilinx/Vivado/2023.2/data/ip/xpm/xpm_noc/hdl/xpm_nmu_mm.sv(96): (vlog-2240) Treating stand-alone use of function '<protected>' as an implicit VOID cast.
** Warning: /cad/xilinx/Vivado/2023.2/data/ip/xpm/xpm_noc/hdl/xpm_nmu_mm.sv(96): (vlog-2240) Treating stand-alone use of function '<protected>' as an implicit VOID cast.
** Warning: /cad/xilinx/Vivado/2023.2/data/ip/xpm/xpm_noc/hdl/xpm_nmu_mm.sv(96): (vlog-2240) Treating stand-alone use of function '<protected>' as an implicit VOID cast.
** Warning: /cad/xilinx/Vivado/2023.2/data/ip/xpm/xpm_noc/hdl/xpm_nmu_mm.sv(96): (vlog-2240) Treating stand-alone use of function '<protected>' as an implicit VOID cast.
** Warning: /cad/xilinx/Vivado/2023.2/data/ip/xpm/xpm_noc/hdl/xpm_nmu_mm.sv(96): (vlog-2240) Treating stand-alone use of function '<protected>' as an implicit VOID cast.
** Warning: /cad/xilinx/Vivado/2023.2/data/ip/xpm/xpm_noc/hdl/xpm_nmu_mm.sv(96): (vlog-2240) Treating stand-alone use of function '<protected>' as an implicit VOID cast.
** Warning: /cad/xilinx/Vivado/2023.2/data/ip/xpm/xpm_noc/hdl/xpm_nmu_mm.sv(96): (vlog-2240) Treating stand-alone use of function '<protected>' as an implicit VOID cast.
** Warning: /cad/xilinx/Vivado/2023.2/data/ip/xpm/xpm_noc/hdl/xpm_nmu_mm.sv(96): (vlog-2240) Treating stand-alone use of function '<protected>' as an implicit VOID cast.
** Warning: /cad/xilinx/Vivado/2023.2/data/ip/xpm/xpm_noc/hdl/xpm_nmu_mm.sv(96): (vlog-2240) Treating stand-alone use of function '<protected>' as an implicit VOID cast.
** Warning: /cad/xilinx/Vivado/2023.2/data/ip/xpm/xpm_noc/hdl/xpm_nmu_mm.sv(96): (vlog-2240) Treating stand-alone use of function '<protected>' as an implicit VOID cast.
** Warning: /cad/xilinx/Vivado/2023.2/data/ip/xpm/xpm_noc/hdl/xpm_nmu_mm.sv(96): (vlog-2240) Treating stand-alone use of function '<protected>' as an implicit VOID cast.
** Warning: /cad/xilinx/Vivado/2023.2/data/ip/xpm/xpm_noc/hdl/xpm_nmu_mm.sv(96): (vlog-2240) Treating stand-alone use of function '<protected>' as an implicit VOID cast.
** Warning: /cad/xilinx/Vivado/2023.2/data/ip/xpm/xpm_noc/hdl/xpm_nmu_mm.sv(96): (vlog-2240) Treating stand-alone use of function '<protected>' as an implicit VOID cast.
** Warning: /cad/xilinx/Vivado/2023.2/data/ip/xpm/xpm_noc/hdl/xpm_nmu_mm.sv(96): (vlog-2240) Treating stand-alone use of function '<protected>' as an implicit VOID cast.
-- Compiling module xpm_nmu_mm
** Warning: /cad/xilinx/Vivado/2023.2/data/ip/xpm/xpm_noc/hdl/xpm_nsu_mm.sv(96): (vlog-2263) Redefinition of macro: <protected>.
** Warning: /cad/xilinx/Vivado/2023.2/data/ip/xpm/xpm_noc/hdl/xpm_nsu_mm.sv(96): (vlog-2263) Redefinition of macro: <protected>.
** Warning: /cad/xilinx/Vivado/2023.2/data/ip/xpm/xpm_noc/hdl/xpm_nsu_mm.sv(96): (vlog-2263) Redefinition of macro: <protected>.
** Warning: /cad/xilinx/Vivado/2023.2/data/ip/xpm/xpm_noc/hdl/xpm_nsu_mm.sv(96): (vlog-2263) Redefinition of macro: <protected>.
** Warning: /cad/xilinx/Vivado/2023.2/data/ip/xpm/xpm_noc/hdl/xpm_nsu_mm.sv(96): (vlog-2263) Redefinition of macro: <protected>.
** Warning: /cad/xilinx/Vivado/2023.2/data/ip/xpm/xpm_noc/hdl/xpm_nsu_mm.sv(96): (vlog-2263) Redefinition of macro: <protected>.
** Warning: /cad/xilinx/Vivado/2023.2/data/ip/xpm/xpm_noc/hdl/xpm_nsu_mm.sv(96): (vlog-2263) Redefinition of macro: <protected>.
** Warning: (vlog-13361) <protected>(<protected>): No trigger event inferred in disable expression.
** Warning: (vlog-13361) <protected>(<protected>): No trigger event inferred in disable expression.
** Warning: (vlog-13361) <protected>(<protected>): No trigger event inferred in disable expression.
** Warning: (vlog-13361) <protected>(<protected>): No trigger event inferred in disable expression.
** Warning: (vlog-13361) <protected>(<protected>): No trigger event inferred in disable expression.
** Warning: (vlog-13361) <protected>(<protected>): No trigger event inferred in disable expression.
** Warning: (vlog-13361) <protected>(<protected>): No trigger event inferred in disable expression.
** Warning: (vlog-13361) <protected>(<protected>): No trigger event inferred in disable expression.
** Warning: (vlog-13361) <protected>(<protected>): No trigger event inferred in disable expression.
** Warning: (vlog-13361) <protected>(<protected>): No trigger event inferred in disable expression.
** Warning: (vlog-13361) <protected>(<protected>): No trigger event inferred in disable expression.
** Warning: (vlog-13361) <protected>(<protected>): No trigger event inferred in disable expression.
** Warning: (vlog-13361) <protected>(<protected>): No trigger event inferred in disable expression.
** Warning: (vlog-13361) <protected>(<protected>): No trigger event inferred in disable expression.
** Warning: (vlog-13361) <protected>(<protected>): No trigger event inferred in disable expression.
** Warning: (vlog-13361) <protected>(<protected>): No trigger event inferred in disable expression.
** Warning: (vlog-13361) <protected>(<protected>): No trigger event inferred in disable expression.
** Warning: (vlog-13361) <protected>(<protected>): No trigger event inferred in disable expression.
** Warning: (vlog-13361) <protected>(<protected>): No trigger event inferred in disable expression.
** Warning: (vlog-13361) <protected>(<protected>): No trigger event inferred in disable expression.
** Warning: (vlog-13361) <protected>(<protected>): No trigger event inferred in disable expression.
** Warning: (vlog-13361) <protected>(<protected>): No trigger event inferred in disable expression.
** Warning: (vlog-13361) <protected>(<protected>): No trigger event inferred in disable expression.
** Warning: (vlog-13361) <protected>(<protected>): No trigger event inferred in disable expression.
** Warning: (vlog-13361) <protected>(<protected>): No trigger event inferred in disable expression.
** Warning: (vlog-13361) <protected>(<protected>): No trigger event inferred in disable expression.
** Warning: (vlog-13361) <protected>(<protected>): No trigger event inferred in disable expression.
** Warning: (vlog-13361) <protected>(<protected>): No trigger event inferred in disable expression.
** Warning: (vlog-13361) <protected>(<protected>): No trigger event inferred in disable expression.
** Warning: (vlog-13361) <protected>(<protected>): No trigger event inferred in disable expression.
** Warning: (vlog-13361) <protected>(<protected>): No trigger event inferred in disable expression.
** Warning: (vlog-13361) <protected>(<protected>): No trigger event inferred in disable expression.
** Warning: (vlog-13361) <protected>(<protected>): No trigger event inferred in disable expression.
** Warning: (vlog-13361) <protected>(<protected>): No trigger event inferred in disable expression.
** Warning: (vlog-13361) <protected>(<protected>): No trigger event inferred in disable expression.
** Warning: (vlog-13361) <protected>(<protected>): No trigger event inferred in disable expression.
** Warning: (vlog-13361) <protected>(<protected>): No trigger event inferred in disable expression.
** Warning: (vlog-13361) <protected>(<protected>): No trigger event inferred in disable expression.
** Warning: (vlog-13361) <protected>(<protected>): No trigger event inferred in disable expression.
** Warning: (vlog-13361) <protected>(<protected>): No trigger event inferred in disable expression.
** Warning: (vlog-13361) <protected>(<protected>): No trigger event inferred in disable expression.
** Warning: (vlog-13361) <protected>(<protected>): No trigger event inferred in disable expression.
** Warning: (vlog-13361) <protected>(<protected>): No trigger event inferred in disable expression.
** Warning: (vlog-13361) <protected>(<protected>): No trigger event inferred in disable expression.
** Warning: (vlog-13361) <protected>(<protected>): No trigger event inferred in disable expression.
** Warning: (vlog-13361) <protected>(<protected>): No trigger event inferred in disable expression.
** Warning: /cad/xilinx/Vivado/2023.2/data/ip/xpm/xpm_noc/hdl/xpm_nsu_mm.sv(96): (vlog-2240) Treating stand-alone use of function '<protected>' as an implicit VOID cast.
** Warning: /cad/xilinx/Vivado/2023.2/data/ip/xpm/xpm_noc/hdl/xpm_nsu_mm.sv(96): (vlog-2240) Treating stand-alone use of function '<protected>' as an implicit VOID cast.
** Warning: /cad/xilinx/Vivado/2023.2/data/ip/xpm/xpm_noc/hdl/xpm_nsu_mm.sv(96): (vlog-2240) Treating stand-alone use of function '<protected>' as an implicit VOID cast.
** Warning: /cad/xilinx/Vivado/2023.2/data/ip/xpm/xpm_noc/hdl/xpm_nsu_mm.sv(96): (vlog-2240) Treating stand-alone use of function '<protected>' as an implicit VOID cast.
** Warning: /cad/xilinx/Vivado/2023.2/data/ip/xpm/xpm_noc/hdl/xpm_nsu_mm.sv(96): (vlog-2240) Treating stand-alone use of function '<protected>' as an implicit VOID cast.
** Warning: /cad/xilinx/Vivado/2023.2/data/ip/xpm/xpm_noc/hdl/xpm_nsu_mm.sv(96): (vlog-2240) Treating stand-alone use of function '<protected>' as an implicit VOID cast.
** Warning: /cad/xilinx/Vivado/2023.2/data/ip/xpm/xpm_noc/hdl/xpm_nsu_mm.sv(96): (vlog-2240) Treating stand-alone use of function '<protected>' as an implicit VOID cast.
** Warning: /cad/xilinx/Vivado/2023.2/data/ip/xpm/xpm_noc/hdl/xpm_nsu_mm.sv(96): (vlog-2240) Treating stand-alone use of function '<protected>' as an implicit VOID cast.
** Warning: /cad/xilinx/Vivado/2023.2/data/ip/xpm/xpm_noc/hdl/xpm_nsu_mm.sv(96): (vlog-2240) Treating stand-alone use of function '<protected>' as an implicit VOID cast.
** Warning: /cad/xilinx/Vivado/2023.2/data/ip/xpm/xpm_noc/hdl/xpm_nsu_mm.sv(96): (vlog-2240) Treating stand-alone use of function '<protected>' as an implicit VOID cast.
** Warning: /cad/xilinx/Vivado/2023.2/data/ip/xpm/xpm_noc/hdl/xpm_nsu_mm.sv(96): (vlog-2240) Treating stand-alone use of function '<protected>' as an implicit VOID cast.
** Warning: /cad/xilinx/Vivado/2023.2/data/ip/xpm/xpm_noc/hdl/xpm_nsu_mm.sv(96): (vlog-2240) Treating stand-alone use of function '<protected>' as an implicit VOID cast.
** Warning: /cad/xilinx/Vivado/2023.2/data/ip/xpm/xpm_noc/hdl/xpm_nsu_mm.sv(96): (vlog-2240) Treating stand-alone use of function '<protected>' as an implicit VOID cast.
-- Compiling module xpm_nsu_mm
-- Compiling module xpm_fifo_tb
-- Compiling module xpm_fifo_ex
-- Compiling module xpm_fifo_gen_dverif
-- Compiling module xpm_fifo_gen_rng
-- Compiling module xpm_fifo_gen_dgen
-- Compiling module xpm_fifo_gen_pctrl
-- Compiling module xpm_fifo_base
-- Compiling module xpm_fifo_rst
-- Compiling module xpm_counter_updn
-- Compiling module xpm_fifo_reg_vec
-- Compiling module xpm_fifo_reg_bit
-- Compiling module xpm_reg_pipe_bit
-- Compiling module xpm_fifo_sync
-- Compiling module xpm_fifo_async
-- Compiling module xpm_fifo_axis
-- Compiling module xpm_fifo_axif
-- Compiling module xpm_fifo_axil
-- Compiling module xpm_fifo_axi_reg_slice
-- Compiling module xpm_memory_base
-- Compiling module asym_bwe_bb
-- Compiling module xpm_memory_dpdistram
-- Compiling module xpm_memory_dprom
-- Compiling module xpm_memory_sdpram
-- Compiling module xpm_memory_spram
-- Compiling module xpm_memory_sprom
-- Compiling module xpm_memory_tdpram

Top level modules:
	xpm_cdc_handshake
	xpm_cdc_pulse
	xpm_cdc_array_single
	xpm_cdc_async_rst
	xpm_cdc_low_latency_handshake
	xpm_nmu_mm
	xpm_nsu_mm
	xpm_fifo_tb
	xpm_fifo_axis
	xpm_fifo_axif
	xpm_fifo_axil
	xpm_memory_dpdistram
	xpm_memory_dprom
	xpm_memory_sdpram
	xpm_memory_spram
	xpm_memory_sprom
	xpm_memory_tdpram
End time: 18:38:16 on Jan 19,2024, Elapsed time: 0:00:02
Errors: 0, Warnings: 136
