QuestaSim-64 vmap 2022.4 Lib Mapping Utility 2022.10 Oct 18 2022
vmap unifast /home/azafeer/Desktop/test/reg_sim/reg_sim.cache/compile_simlib/questa/unifast 
Modifying modelsim.ini
QuestaSim-64 vcom 2022.4 Compiler 2022.10 Oct 18 2022
Start time: 18:57:55 on Jan 19,2024
vcom -93 -64 -work unifast -f /home/azafeer/Desktop/test/reg_sim/reg_sim.cache/compile_simlib/questa/unifast/.cxl.vhd.unifast.unifast.cmf 
-- Loading package STANDARD
-- Loading package TEXTIO
-- Loading package std_logic_1164
-- Loading package std_logic_arith
-- Loading package STD_LOGIC_SIGNED
-- Loading package VITAL_Timing
-- Loading package VITAL_Primitives
-- Loading package VPKG
-- Compiling entity DSP48E1
-- Compiling architecture DSP48E1_V of DSP48E1
-- Compiling entity MMCME2_ADV
-- Compiling architecture MMCME2_ADV_V of MMCME2_ADV
-- Compiling entity PLLE2_ADV
-- Compiling architecture PLLE2_ADV_V of PLLE2_ADV
End time: 18:57:57 on Jan 19,2024, Elapsed time: 0:00:02
Errors: 0, Warnings: 0
