QuestaSim-64 vmap 2022.4 Lib Mapping Utility 2022.10 Oct 18 2022
vmap pl_fileio_v1_0_0 /home/azafeer/Desktop/test/reg_sim/reg_sim.cache/compile_simlib/questa/pl_fileio_v1_0_0 
Modifying modelsim.ini
sccom -64 -cpppath /tool/gcc/7.4.0/bin/g++ -nodebug -std=c++11 -I /cad/xilinx/Vivado/2023.2/data/systemc/simlibs/pl_fileio/pl_fileio_v1_0_0/include -I /cad/xilinx/Vivado/2023.2/tps/boost_1_72_0 -Wall -fPIC -Wall -fPIC -O3 -work pl_fileio_v1_0_0 -f /home/azafeer/Desktop/test/reg_sim/reg_sim.cache/compile_simlib/questa/pl_fileio_v1_0_0/.cxl.systemc.pl_fileio_v1_0_0.pl_fileio_v1_0_0.cmf 
Start time: 18:41:41 on Jan 19,2024

QuestaSim-64 sccom 2022.4 compiler 2022.10 Oct 18 2022

In file included from /cad/xilinx/Vivado/2023.2/data/systemc/simlibs/pl_fileio/pl_fileio_v1_0_0/include/me_ip_block.h:53:0,
                 from /cad/xilinx/Vivado/2023.2/data/systemc/simlibs/pl_fileio/pl_fileio_v1_0_0/src/pl_packetizer.cpp:2:
/cad/xilinx/Vivado/2023.2/data/systemc/simlibs/pl_fileio/pl_fileio_v1_0_0/include/me_pl_channels.h: In member function ‘virtual void _PL_to_ME_base_channel::put_vector(std::vector<unsigned int>, bool)’:
/cad/xilinx/Vivado/2023.2/data/systemc/simlibs/pl_fileio/pl_fileio_v1_0_0/include/me_pl_channels.h:276:21: warning: comparison between signed and unsigned integer expressions [-Wsign-compare]
   for (int i = 0; i < data.size() - 1; i++) {
                   ~~^~~~~~~~~~~~~~~~~
/cad/xilinx/Vivado/2023.2/data/systemc/simlibs/pl_fileio/pl_fileio_v1_0_0/src/pl_packetizer.cpp: In constructor ‘PacketizedStreamToME::PacketizedStreamToME(sc_core::sc_module_name, int, char**)’:
/cad/xilinx/Vivado/2023.2/data/systemc/simlibs/pl_fileio/pl_fileio_v1_0_0/src/pl_packetizer.cpp:28:19: warning: ‘PacketizedStreamToME::in_32bit’ will be initialized after [-Wreorder]
    ME_to_PL_32bit in_32bit;
                   ^~~~~~~~
/cad/xilinx/Vivado/2023.2/data/systemc/simlibs/pl_fileio/pl_fileio_v1_0_0/src/pl_packetizer.cpp:25:19: warning:   ‘PL_to_ME_64bit PacketizedStreamToME::out_64bit’ [-Wreorder]
    PL_to_ME_64bit out_64bit;
                   ^~~~~~~~~
/cad/xilinx/Vivado/2023.2/data/systemc/simlibs/pl_fileio/pl_fileio_v1_0_0/src/pl_packetizer.cpp:34:1: warning:   when initialized here [-Wreorder]
 PacketizedStreamToME::PacketizedStreamToME(sc_module_name nm, int argc, char *argv[])
 ^~~~~~~~~~~~~~~~~~~~
In file included from /cad/xilinx/Vivado/2023.2/data/systemc/simlibs/pl_fileio/pl_fileio_v1_0_0/include/me_ip_block.h:53:0,
                 from /cad/xilinx/Vivado/2023.2/data/systemc/simlibs/pl_fileio/pl_fileio_v1_0_0/src/pl_packetizer_128bit.cpp:2:
/cad/xilinx/Vivado/2023.2/data/systemc/simlibs/pl_fileio/pl_fileio_v1_0_0/include/me_pl_channels.h: In member function ‘virtual void _PL_to_ME_base_channel::put_vector(std::vector<unsigned int>, bool)’:
/cad/xilinx/Vivado/2023.2/data/systemc/simlibs/pl_fileio/pl_fileio_v1_0_0/include/me_pl_channels.h:276:21: warning: comparison between signed and unsigned integer expressions [-Wsign-compare]
   for (int i = 0; i < data.size() - 1; i++) {
                   ~~^~~~~~~~~~~~~~~~~
In file included from /cad/xilinx/Vivado/2023.2/data/systemc/simlibs/pl_fileio/pl_fileio_v1_0_0/include/me_ip_block.h:53:0,
                 from /cad/xilinx/Vivado/2023.2/data/systemc/simlibs/pl_fileio/pl_fileio_v1_0_0/src/pl_receiver.cpp:2:
/cad/xilinx/Vivado/2023.2/data/systemc/simlibs/pl_fileio/pl_fileio_v1_0_0/include/me_pl_channels.h: In member function ‘virtual void _PL_to_ME_base_channel::put_vector(std::vector<unsigned int>, bool)’:
/cad/xilinx/Vivado/2023.2/data/systemc/simlibs/pl_fileio/pl_fileio_v1_0_0/include/me_pl_channels.h:276:21: warning: comparison between signed and unsigned integer expressions [-Wsign-compare]
   for (int i = 0; i < data.size() - 1; i++) {
                   ~~^~~~~~~~~~~~~~~~~
In file included from /cad/xilinx/Vivado/2023.2/data/systemc/simlibs/pl_fileio/pl_fileio_v1_0_0/src/pl_receiver.cpp:7:0:
/cad/xilinx/Vivado/2023.2/data/systemc/simlibs/pl_fileio/pl_fileio_v1_0_0/include/file_system.h: In function ‘bool xilinx::filesystem::is_directory(const char*)’:
/cad/xilinx/Vivado/2023.2/data/systemc/simlibs/pl_fileio/pl_fileio_v1_0_0/include/file_system.h:14:29: warning: this ‘if’ clause does not guard... [-Wmisleading-indentation]
             struct stat sb; if (stat(dirPath, &sb) == 0 && S_ISDIR(sb.st_mode))
                             ^~
/cad/xilinx/Vivado/2023.2/data/systemc/simlibs/pl_fileio/pl_fileio_v1_0_0/include/file_system.h:15:30: note: ...this statement, but the latter is misleadingly indented as if it were guarded by the ‘if’
                 return true; return false;
                              ^~~~~~
/cad/xilinx/Vivado/2023.2/data/systemc/simlibs/pl_fileio/pl_fileio_v1_0_0/src/pl_receiver.cpp: In instantiation of ‘void FileStreamFromME::gen_file() [with OutputType = double; SignedType = double]’:
/cad/xilinx/Vivado/2023.2/data/systemc/simlibs/pl_fileio/pl_fileio_v1_0_0/src/pl_receiver.cpp:175:34:   required from here
/cad/xilinx/Vivado/2023.2/data/systemc/simlibs/pl_fileio/pl_fileio_v1_0_0/src/pl_receiver.cpp:63:96: warning: dereferencing type-punned pointer will break strict-aliasing rules [-Wstrict-aliasing]
               outputFile << "0x" << std::setfill('0') << std::setw(dataWidth/4) << std::hex << *((OutputType*)&temp) << " ";
                                                                                                ^~~~~~~~~~~~~~~~~~~~~
/cad/xilinx/Vivado/2023.2/data/systemc/simlibs/pl_fileio/pl_fileio_v1_0_0/src/pl_receiver.cpp:65:29: warning: dereferencing type-punned pointer will break strict-aliasing rules [-Wstrict-aliasing]
               outputFile << *((OutputType*)&temp) << " ";
                             ^~~~~~~~~~~~~~~~~~~~~
/cad/xilinx/Vivado/2023.2/data/systemc/simlibs/pl_fileio/pl_fileio_v1_0_0/src/pl_receiver.cpp: In instantiation of ‘void FileStreamFromME::gen_file() [with OutputType = float; SignedType = float]’:
/cad/xilinx/Vivado/2023.2/data/systemc/simlibs/pl_fileio/pl_fileio_v1_0_0/src/pl_receiver.cpp:184:32:   required from here
/cad/xilinx/Vivado/2023.2/data/systemc/simlibs/pl_fileio/pl_fileio_v1_0_0/src/pl_receiver.cpp:63:96: warning: dereferencing type-punned pointer will break strict-aliasing rules [-Wstrict-aliasing]
               outputFile << "0x" << std::setfill('0') << std::setw(dataWidth/4) << std::hex << *((OutputType*)&temp) << " ";
                                                                                                ^~~~~~~~~~~~~~~~~~~~~
/cad/xilinx/Vivado/2023.2/data/systemc/simlibs/pl_fileio/pl_fileio_v1_0_0/src/pl_receiver.cpp:65:29: warning: dereferencing type-punned pointer will break strict-aliasing rules [-Wstrict-aliasing]
               outputFile << *((OutputType*)&temp) << " ";
                             ^~~~~~~~~~~~~~~~~~~~~
/cad/xilinx/Vivado/2023.2/data/systemc/simlibs/pl_fileio/pl_fileio_v1_0_0/src/pl_receiver.cpp: In instantiation of ‘void FileStreamFromME::gen_file() [with OutputType = int; SignedType = int]’:
/cad/xilinx/Vivado/2023.2/data/systemc/simlibs/pl_fileio/pl_fileio_v1_0_0/src/pl_receiver.cpp:186:41:   required from here
/cad/xilinx/Vivado/2023.2/data/systemc/simlibs/pl_fileio/pl_fileio_v1_0_0/src/pl_receiver.cpp:63:96: warning: dereferencing type-punned pointer will break strict-aliasing rules [-Wstrict-aliasing]
               outputFile << "0x" << std::setfill('0') << std::setw(dataWidth/4) << std::hex << *((OutputType*)&temp) << " ";
                                                                                                ^~~~~~~~~~~~~~~~~~~~~
/cad/xilinx/Vivado/2023.2/data/systemc/simlibs/pl_fileio/pl_fileio_v1_0_0/src/pl_receiver.cpp:65:29: warning: dereferencing type-punned pointer will break strict-aliasing rules [-Wstrict-aliasing]
               outputFile << *((OutputType*)&temp) << " ";
                             ^~~~~~~~~~~~~~~~~~~~~
/cad/xilinx/Vivado/2023.2/data/systemc/simlibs/pl_fileio/pl_fileio_v1_0_0/src/pl_receiver.cpp: In instantiation of ‘void FileStreamFromME::gen_file() [with OutputType = unsigned int; SignedType = unsigned int]’:
/cad/xilinx/Vivado/2023.2/data/systemc/simlibs/pl_fileio/pl_fileio_v1_0_0/src/pl_receiver.cpp:188:45:   required from here
/cad/xilinx/Vivado/2023.2/data/systemc/simlibs/pl_fileio/pl_fileio_v1_0_0/src/pl_receiver.cpp:63:96: warning: dereferencing type-punned pointer will break strict-aliasing rules [-Wstrict-aliasing]
               outputFile << "0x" << std::setfill('0') << std::setw(dataWidth/4) << std::hex << *((OutputType*)&temp) << " ";
                                                                                                ^~~~~~~~~~~~~~~~~~~~~
/cad/xilinx/Vivado/2023.2/data/systemc/simlibs/pl_fileio/pl_fileio_v1_0_0/src/pl_receiver.cpp:65:29: warning: dereferencing type-punned pointer will break strict-aliasing rules [-Wstrict-aliasing]
               outputFile << *((OutputType*)&temp) << " ";
                             ^~~~~~~~~~~~~~~~~~~~~
/cad/xilinx/Vivado/2023.2/data/systemc/simlibs/pl_fileio/pl_fileio_v1_0_0/src/pl_receiver.cpp: In instantiation of ‘void FileStreamFromME::gen_file() [with OutputType = short int; SignedType = short int]’:
/cad/xilinx/Vivado/2023.2/data/systemc/simlibs/pl_fileio/pl_fileio_v1_0_0/src/pl_receiver.cpp:193:45:   required from here
/cad/xilinx/Vivado/2023.2/data/systemc/simlibs/pl_fileio/pl_fileio_v1_0_0/src/pl_receiver.cpp:63:96: warning: dereferencing type-punned pointer will break strict-aliasing rules [-Wstrict-aliasing]
               outputFile << "0x" << std::setfill('0') << std::setw(dataWidth/4) << std::hex << *((OutputType*)&temp) << " ";
                                                                                                ^~~~~~~~~~~~~~~~~~~~~
/cad/xilinx/Vivado/2023.2/data/systemc/simlibs/pl_fileio/pl_fileio_v1_0_0/src/pl_receiver.cpp:65:29: warning: dereferencing type-punned pointer will break strict-aliasing rules [-Wstrict-aliasing]
               outputFile << *((OutputType*)&temp) << " ";
                             ^~~~~~~~~~~~~~~~~~~~~
/cad/xilinx/Vivado/2023.2/data/systemc/simlibs/pl_fileio/pl_fileio_v1_0_0/src/pl_receiver.cpp: In instantiation of ‘void FileStreamFromME::gen_file() [with OutputType = short unsigned int; SignedType = short unsigned int]’:
/cad/xilinx/Vivado/2023.2/data/systemc/simlibs/pl_fileio/pl_fileio_v1_0_0/src/pl_receiver.cpp:195:49:   required from here
/cad/xilinx/Vivado/2023.2/data/systemc/simlibs/pl_fileio/pl_fileio_v1_0_0/src/pl_receiver.cpp:63:96: warning: dereferencing type-punned pointer will break strict-aliasing rules [-Wstrict-aliasing]
               outputFile << "0x" << std::setfill('0') << std::setw(dataWidth/4) << std::hex << *((OutputType*)&temp) << " ";
                                                                                                ^~~~~~~~~~~~~~~~~~~~~
/cad/xilinx/Vivado/2023.2/data/systemc/simlibs/pl_fileio/pl_fileio_v1_0_0/src/pl_receiver.cpp:65:29: warning: dereferencing type-punned pointer will break strict-aliasing rules [-Wstrict-aliasing]
               outputFile << *((OutputType*)&temp) << " ";
                             ^~~~~~~~~~~~~~~~~~~~~
In file included from /cad/xilinx/Vivado/2023.2/data/systemc/simlibs/pl_fileio/pl_fileio_v1_0_0/include/me_ip_block.h:53:0,
                 from /cad/xilinx/Vivado/2023.2/data/systemc/simlibs/pl_fileio/pl_fileio_v1_0_0/src/pl_receiver_128bit.cpp:2:
/cad/xilinx/Vivado/2023.2/data/systemc/simlibs/pl_fileio/pl_fileio_v1_0_0/include/me_pl_channels.h: In member function ‘virtual void _PL_to_ME_base_channel::put_vector(std::vector<unsigned int>, bool)’:
/cad/xilinx/Vivado/2023.2/data/systemc/simlibs/pl_fileio/pl_fileio_v1_0_0/include/me_pl_channels.h:276:21: warning: comparison between signed and unsigned integer expressions [-Wsign-compare]
   for (int i = 0; i < data.size() - 1; i++) {
                   ~~^~~~~~~~~~~~~~~~~
In file included from /cad/xilinx/Vivado/2023.2/data/systemc/simlibs/pl_fileio/pl_fileio_v1_0_0/src/pl_receiver_128bit.cpp:6:0:
/cad/xilinx/Vivado/2023.2/data/systemc/simlibs/pl_fileio/pl_fileio_v1_0_0/include/file_system.h: In function ‘bool xilinx::filesystem::is_directory(const char*)’:
/cad/xilinx/Vivado/2023.2/data/systemc/simlibs/pl_fileio/pl_fileio_v1_0_0/include/file_system.h:14:29: warning: this ‘if’ clause does not guard... [-Wmisleading-indentation]
             struct stat sb; if (stat(dirPath, &sb) == 0 && S_ISDIR(sb.st_mode))
                             ^~
/cad/xilinx/Vivado/2023.2/data/systemc/simlibs/pl_fileio/pl_fileio_v1_0_0/include/file_system.h:15:30: note: ...this statement, but the latter is misleadingly indented as if it were guarded by the ‘if’
                 return true; return false;
                              ^~~~~~
/cad/xilinx/Vivado/2023.2/data/systemc/simlibs/pl_fileio/pl_fileio_v1_0_0/src/pl_receiver_128bit.cpp: In instantiation of ‘void FileStreamFromME128::gen_file() [with OutputType = double; SignedType = double]’:
/cad/xilinx/Vivado/2023.2/data/systemc/simlibs/pl_fileio/pl_fileio_v1_0_0/src/pl_receiver_128bit.cpp:209:32:   required from here
/cad/xilinx/Vivado/2023.2/data/systemc/simlibs/pl_fileio/pl_fileio_v1_0_0/src/pl_receiver_128bit.cpp:87:25: warning: dereferencing type-punned pointer will break strict-aliasing rules [-Wstrict-aliasing]
           outputFile << *((OutputType*)&temp) << " ";
                         ^~~~~~~~~~~~~~~~~~~~~
/cad/xilinx/Vivado/2023.2/data/systemc/simlibs/pl_fileio/pl_fileio_v1_0_0/src/pl_receiver_128bit.cpp:101:25: warning: dereferencing type-punned pointer will break strict-aliasing rules [-Wstrict-aliasing]
           outputFile << *((OutputType*)&temp) << " ";
                         ^~~~~~~~~~~~~~~~~~~~~
/cad/xilinx/Vivado/2023.2/data/systemc/simlibs/pl_fileio/pl_fileio_v1_0_0/src/pl_receiver_128bit.cpp: In instantiation of ‘void FileStreamFromME128::gen_file() [with OutputType = float; SignedType = float]’:
/cad/xilinx/Vivado/2023.2/data/systemc/simlibs/pl_fileio/pl_fileio_v1_0_0/src/pl_receiver_128bit.cpp:218:30:   required from here
/cad/xilinx/Vivado/2023.2/data/systemc/simlibs/pl_fileio/pl_fileio_v1_0_0/src/pl_receiver_128bit.cpp:87:25: warning: dereferencing type-punned pointer will break strict-aliasing rules [-Wstrict-aliasing]
           outputFile << *((OutputType*)&temp) << " ";
                         ^~~~~~~~~~~~~~~~~~~~~
/cad/xilinx/Vivado/2023.2/data/systemc/simlibs/pl_fileio/pl_fileio_v1_0_0/src/pl_receiver_128bit.cpp:101:25: warning: dereferencing type-punned pointer will break strict-aliasing rules [-Wstrict-aliasing]
           outputFile << *((OutputType*)&temp) << " ";
                         ^~~~~~~~~~~~~~~~~~~~~
/cad/xilinx/Vivado/2023.2/data/systemc/simlibs/pl_fileio/pl_fileio_v1_0_0/src/pl_receiver_128bit.cpp: In instantiation of ‘void FileStreamFromME128::gen_file() [with OutputType = int; SignedType = int]’:
/cad/xilinx/Vivado/2023.2/data/systemc/simlibs/pl_fileio/pl_fileio_v1_0_0/src/pl_receiver_128bit.cpp:220:39:   required from here
/cad/xilinx/Vivado/2023.2/data/systemc/simlibs/pl_fileio/pl_fileio_v1_0_0/src/pl_receiver_128bit.cpp:87:25: warning: dereferencing type-punned pointer will break strict-aliasing rules [-Wstrict-aliasing]
           outputFile << *((OutputType*)&temp) << " ";
                         ^~~~~~~~~~~~~~~~~~~~~
/cad/xilinx/Vivado/2023.2/data/systemc/simlibs/pl_fileio/pl_fileio_v1_0_0/src/pl_receiver_128bit.cpp:101:25: warning: dereferencing type-punned pointer will break strict-aliasing rules [-Wstrict-aliasing]
           outputFile << *((OutputType*)&temp) << " ";
                         ^~~~~~~~~~~~~~~~~~~~~
/cad/xilinx/Vivado/2023.2/data/systemc/simlibs/pl_fileio/pl_fileio_v1_0_0/src/pl_receiver_128bit.cpp: In instantiation of ‘void FileStreamFromME128::gen_file() [with OutputType = unsigned int; SignedType = unsigned int]’:
/cad/xilinx/Vivado/2023.2/data/systemc/simlibs/pl_fileio/pl_fileio_v1_0_0/src/pl_receiver_128bit.cpp:222:43:   required from here
/cad/xilinx/Vivado/2023.2/data/systemc/simlibs/pl_fileio/pl_fileio_v1_0_0/src/pl_receiver_128bit.cpp:87:25: warning: dereferencing type-punned pointer will break strict-aliasing rules [-Wstrict-aliasing]
           outputFile << *((OutputType*)&temp) << " ";
                         ^~~~~~~~~~~~~~~~~~~~~
/cad/xilinx/Vivado/2023.2/data/systemc/simlibs/pl_fileio/pl_fileio_v1_0_0/src/pl_receiver_128bit.cpp:101:25: warning: dereferencing type-punned pointer will break strict-aliasing rules [-Wstrict-aliasing]
           outputFile << *((OutputType*)&temp) << " ";
                         ^~~~~~~~~~~~~~~~~~~~~
/cad/xilinx/Vivado/2023.2/data/systemc/simlibs/pl_fileio/pl_fileio_v1_0_0/src/pl_receiver_128bit.cpp: In instantiation of ‘void FileStreamFromME128::gen_file() [with OutputType = short int; SignedType = short int]’:
/cad/xilinx/Vivado/2023.2/data/systemc/simlibs/pl_fileio/pl_fileio_v1_0_0/src/pl_receiver_128bit.cpp:227:43:   required from here
/cad/xilinx/Vivado/2023.2/data/systemc/simlibs/pl_fileio/pl_fileio_v1_0_0/src/pl_receiver_128bit.cpp:87:25: warning: dereferencing type-punned pointer will break strict-aliasing rules [-Wstrict-aliasing]
           outputFile << *((OutputType*)&temp) << " ";
                         ^~~~~~~~~~~~~~~~~~~~~
/cad/xilinx/Vivado/2023.2/data/systemc/simlibs/pl_fileio/pl_fileio_v1_0_0/src/pl_receiver_128bit.cpp:101:25: warning: dereferencing type-punned pointer will break strict-aliasing rules [-Wstrict-aliasing]
           outputFile << *((OutputType*)&temp) << " ";
                         ^~~~~~~~~~~~~~~~~~~~~
/cad/xilinx/Vivado/2023.2/data/systemc/simlibs/pl_fileio/pl_fileio_v1_0_0/src/pl_receiver_128bit.cpp: In instantiation of ‘void FileStreamFromME128::gen_file() [with OutputType = short unsigned int; SignedType = short unsigned int]’:
/cad/xilinx/Vivado/2023.2/data/systemc/simlibs/pl_fileio/pl_fileio_v1_0_0/src/pl_receiver_128bit.cpp:229:47:   required from here
/cad/xilinx/Vivado/2023.2/data/systemc/simlibs/pl_fileio/pl_fileio_v1_0_0/src/pl_receiver_128bit.cpp:87:25: warning: dereferencing type-punned pointer will break strict-aliasing rules [-Wstrict-aliasing]
           outputFile << *((OutputType*)&temp) << " ";
                         ^~~~~~~~~~~~~~~~~~~~~
/cad/xilinx/Vivado/2023.2/data/systemc/simlibs/pl_fileio/pl_fileio_v1_0_0/src/pl_receiver_128bit.cpp:101:25: warning: dereferencing type-punned pointer will break strict-aliasing rules [-Wstrict-aliasing]
           outputFile << *((OutputType*)&temp) << " ";
                         ^~~~~~~~~~~~~~~~~~~~~
In file included from /cad/xilinx/Vivado/2023.2/data/systemc/simlibs/pl_fileio/pl_fileio_v1_0_0/include/me_ip_block.h:53:0,
                 from /cad/xilinx/Vivado/2023.2/data/systemc/simlibs/pl_fileio/pl_fileio_v1_0_0/src/pl_sender.cpp:2:
/cad/xilinx/Vivado/2023.2/data/systemc/simlibs/pl_fileio/pl_fileio_v1_0_0/include/me_pl_channels.h: In member function ‘virtual void _PL_to_ME_base_channel::put_vector(std::vector<unsigned int>, bool)’:
/cad/xilinx/Vivado/2023.2/data/systemc/simlibs/pl_fileio/pl_fileio_v1_0_0/include/me_pl_channels.h:276:21: warning: comparison between signed and unsigned integer expressions [-Wsign-compare]
   for (int i = 0; i < data.size() - 1; i++) {
                   ~~^~~~~~~~~~~~~~~~~
/cad/xilinx/Vivado/2023.2/data/systemc/simlibs/pl_fileio/pl_fileio_v1_0_0/src/pl_sender.cpp: In member function ‘void FileStreamToME::main_action()’:
/cad/xilinx/Vivado/2023.2/data/systemc/simlibs/pl_fileio/pl_fileio_v1_0_0/src/pl_sender.cpp:141:60: warning: dereferencing type-punned pointer will break strict-aliasing rules [-Wstrict-aliasing]
                     while (iss >> *((double*)&buffer[index]))
                                                            ^
/cad/xilinx/Vivado/2023.2/data/systemc/simlibs/pl_fileio/pl_fileio_v1_0_0/src/pl_sender.cpp:148:59: warning: dereferencing type-punned pointer will break strict-aliasing rules [-Wstrict-aliasing]
                     while (iss >> *((float*)&buffer[index]))
                                                           ^
/cad/xilinx/Vivado/2023.2/data/systemc/simlibs/pl_fileio/pl_fileio_v1_0_0/src/pl_sender.cpp:158:72: warning: dereferencing type-punned pointer will break strict-aliasing rules [-Wstrict-aliasing]
                     while (iss >> *((unsigned long long*)&buffer[index]))
                                                                        ^
In file included from /cad/xilinx/Vivado/2023.2/data/systemc/simlibs/pl_fileio/pl_fileio_v1_0_0/include/me_ip_block.h:53:0,
                 from /cad/xilinx/Vivado/2023.2/data/systemc/simlibs/pl_fileio/pl_fileio_v1_0_0/src/pl_sender_128bit.cpp:2:
/cad/xilinx/Vivado/2023.2/data/systemc/simlibs/pl_fileio/pl_fileio_v1_0_0/include/me_pl_channels.h: In member function ‘virtual void _PL_to_ME_base_channel::put_vector(std::vector<unsigned int>, bool)’:
/cad/xilinx/Vivado/2023.2/data/systemc/simlibs/pl_fileio/pl_fileio_v1_0_0/include/me_pl_channels.h:276:21: warning: comparison between signed and unsigned integer expressions [-Wsign-compare]
   for (int i = 0; i < data.size() - 1; i++) {
                   ~~^~~~~~~~~~~~~~~~~
/cad/xilinx/Vivado/2023.2/data/systemc/simlibs/pl_fileio/pl_fileio_v1_0_0/src/pl_sender_128bit.cpp: In member function ‘void FileStreamToME128::main_action()’:
/cad/xilinx/Vivado/2023.2/data/systemc/simlibs/pl_fileio/pl_fileio_v1_0_0/src/pl_sender_128bit.cpp:146:53: warning: dereferencing type-punned pointer will break strict-aliasing rules [-Wstrict-aliasing]
              while (iss >> *((double*)&buffer[index]))
                                                     ^
/cad/xilinx/Vivado/2023.2/data/systemc/simlibs/pl_fileio/pl_fileio_v1_0_0/src/pl_sender_128bit.cpp:153:52: warning: dereferencing type-punned pointer will break strict-aliasing rules [-Wstrict-aliasing]
              while (iss >> *((float*)&buffer[index]))
                                                    ^
/cad/xilinx/Vivado/2023.2/data/systemc/simlibs/pl_fileio/pl_fileio_v1_0_0/src/pl_sender_128bit.cpp:163:65: warning: dereferencing type-punned pointer will break strict-aliasing rules [-Wstrict-aliasing]
              while (iss >> *((unsigned long long*)&buffer[index]))
                                                                 ^
End time: 18:42:01 on Jan 19,2024, Elapsed time: 0:00:20
Errors: 0, Warnings: 0
sccom -64 -cpppath /tool/gcc/7.4.0/bin/g++ -nodebug -linkshared -lib pl_fileio_v1_0_0 -work pl_fileio_v1_0_0 
Start time: 18:42:01 on Jan 19,2024

QuestaSim-64 sccom 2022.4 compiler 2022.10 Oct 18 2022
End time: 18:42:01 on Jan 19,2024, Elapsed time: 0:00:00
Errors: 0, Warnings: 0
