QuestaSim-64 vmap 2022.4 Lib Mapping Utility 2022.10 Oct 18 2022
vmap unisims_ver /home/azafeer/Desktop/test/reg_sim/reg_sim.cache/compile_simlib/questa/unisims_ver 
Modifying modelsim.ini
QuestaSim-64 vlog 2022.4 Compiler 2022.10 Oct 18 2022
Start time: 18:57:58 on Jan 19,2024
vlog -64 -work unisims_ver -f /home/azafeer/Desktop/test/reg_sim/reg_sim.cache/compile_simlib/questa/unisims_ver/.cxl.ver.unisim.unisims_ver.cmf 
-- Compiling module AIE_ML_PL_M_EVENTS
-- Compiling module AIE_PL_M_AXIS32
-- Compiling module AIE_PL_S_AXIS64
-- Compiling module DCIRESET
-- Compiling module DIFFINBUF
-- Compiling module DSP48E1
-- Compiling module DSP48E2
-- Compiling module DSP48E5
-- Compiling module DSP_ALUADD
-- Compiling module DSP_ALUREG
-- Compiling module FRAME_ECCE4
-- Compiling module IBUFDS_IBUFDISABLE
-- Compiling module IOBUFDS
-- Compiling module IOBUFE3
-- Compiling module ODELAYE2_FINEDELAY
-- Compiling module PLLE3_BASE
-- Compiling module RAM32X1D
-- Compiling module RAMD64E5
-- Compiling module STARTUPE3
-- Compiling module VCC
-- Compiling module X5PHIO_XCVR_X2
-- Compiling module AIE_ML_PL_S_AXIS128
-- Compiling module BUFMR
-- Compiling module CPM5N
-- Compiling module DFE_MATRIX_FIR
-- Compiling module DSP_FPA_OPM_REG
-- Compiling module DSP_PREADD_DATA58
-- Compiling module DSP_SRCMX_OPTINV
-- Compiling module EFUSE_USR
-- Compiling module FIFO18E2
-- Compiling module GTHE2_COMMON
-- Compiling module GTPE2_CHANNEL
-- Compiling module GTYE3_COMMON
-- Compiling module IBUFE3
-- Compiling module KEEPER
-- Compiling module NOC_NSU128
-- Compiling module OBUFT
-- Compiling module ODDRE1
-- Compiling module RAM64M
-- Compiling module RAMB18E5
-- Compiling module RAMB36E5_INT
-- Compiling module XRAM
-- Compiling module AIE_ML_PL_M_AXIS128
-- Compiling module BUFG_PS
-- Compiling module CMAC
-- Compiling module DSP_PREADD_DATA
-- Compiling module GTF_COMMON
-- Compiling module HBM_SNGLBLI_INTF_AXI
-- Compiling module IMC_FF
-- Compiling module MASTER_JTAG
-- Compiling module MBUFGCE
-- Compiling module MBUFG_HM
-- Compiling module ME_PL_S_AXIS64
-- Compiling module MUXF7
-- Compiling module MUXF8
-- Compiling module MUXF9
-- Compiling module NOC2_NSU512
-- Compiling module NOC2_XBR2X4
-- Compiling module NOC_NPS_VNOC
-- Compiling module PS9
-- Compiling module RAM256X1D
-- Compiling module RAM64X8SW
-- Compiling module RAMS64E5
-- Compiling module AIE_PL_S_EVENTS
-- Compiling module GTHE2_CHANNEL
-- Compiling module ICAPE2
-- Compiling module ICAPE3
-- Compiling module MBUFGCE_DIV
-- Compiling module ME_PL_S_AXIS32
-- Compiling module MUXCY
-- Compiling module NOC_NMU512
-- Compiling module OBUF_ODDR
-- Compiling module RAMB36E1
-- Compiling module RB36_INTERNAL_VLOG
-- Compiling module RAMB36E2
-- Compiling module SIM_CONFIGE2
-- Compiling module SIM_CONFIGE3
-- Compiling module AIE_ML_PL_M_AXIS32
-- Compiling module AIE_PL_M_AXIS64
-- Compiling module AND2B1L
-- Compiling module BUFCE_ROW
-- Compiling module BUFIO
-- Compiling module DSP_A_B_DATA
-- Compiling module HBM_IO_MS
-- Compiling module IBUFDS_GTE2
-- Compiling module IBUFDS_GTE3
-- Compiling module IBUFDS_GTE4
-- Compiling module IBUFDS_GTE5
-- Compiling module IBUF_ANALOG
-- Compiling module IDELAYCTRL
-- Compiling module IOBUFDS_DIFF_OUT_DCIEN
-- Compiling module IOBUF_DCIEN
-- Compiling module ISERDESE1
-- Compiling module bscntrl_iserdese1_vlog
-- Compiling module ice_iserdese1_vlog
-- Compiling module LUT1
-- Compiling UDP x_lut1_mux2
-- Compiling module LUT5
-- Compiling module LUT6
-- Compiling module OBUFT_ODDR
-- Compiling module PLLE3_ADV
-- Compiling module RAM64X1D
-- Compiling module USR_ACCESSE2
-- Compiling module XPIO_VREF
-- Compiling module AIE_ML_PL_S_AXIS64
-- Compiling module BUFGCE
-- Compiling module CPM5
-- Compiling module DSPFP32
-- Compiling module DSP_ALUMUX
-- Compiling module DSP_FPA_CREG
-- Compiling module DSP_FP_INMUX
-- Compiling module HBM_PHY_MS
-- Compiling module HNICPIPE_QUAD
-- Compiling module IOBUFDS_COMP_ODDR
-- Compiling module LOOKAHEAD8
-- Compiling module LUT2
-- Compiling UDP x_lut2_mux4
-- Compiling module LUT3
-- Compiling UDP x_lut3_mux8
-- Compiling module LUT4
-- Compiling module MMCME3_ADV
-- Compiling module NOC2_NPS5555
-- Compiling module OBUFDS_GTE3_ADV
-- Compiling module OBUFTDS_COMP_ODDR
-- Compiling module OBUFTDS_DCIEN
-- Compiling module PCIE_3_0
-- Compiling module PCIE_3_1
-- Compiling module RAM32X16DR8
-- Compiling module RAM64X1S
-- Compiling module AIE_PL_S_AXIS128
-- Compiling module CLOCK_MOD_IRI_IMR
-- Compiling module DFE_FFT
-- Compiling module DFE_PQ_DECIM
-- Compiling module GTYE4_COMMON
-- Compiling module INV
-- Compiling module IOBUFDS_DCIEN
-- Compiling module PCIE_2_1
-- Compiling module PHASER_REF
-- Compiling module TX_BITSLICE_TRI
-- Compiling module CFGLUT5
-- Compiling module DDRMC5C
-- Compiling module IBUFDS_INTERMDISABLE_INT
-- Compiling module IOBUF
-- Compiling module NOC_NCRB
-- Compiling module OBUFDS_GTE4_ADV
-- Compiling module PSX
-- Compiling module RAMD32
-- Compiling module RXTX_BITSLICE
-- Compiling module AIE_ML_NOC_M_AXIS
-- Compiling module DSP_CPLX_STAGE1
-- Compiling module IBUFDS_IBUFDISABLE_INT
-- Compiling module ME_NOC_S_AXI
-- Compiling module OBUFTDS_COMP
-- Compiling module FE
-- Compiling module XPHY
-- Compiling module AIE_NOC_M_AXI
-- Compiling module AIE_NOC_S_AXI
-- Compiling module BUFCE_LEAF
-- Compiling module BUFMRCE
-- Compiling module DDRMC_RIU
-- Compiling module DNA_PORTE2
-- Compiling module DSP_FPM_PIPEREG
-- Compiling module HNICX
-- Compiling module IBUFDS_DPHY
-- Compiling module ISERDES
-- Compiling module NOC2_NMU512
-- Compiling module RAM256X1S
-- Compiling module SRLC32E
-- Compiling module X5PLL_INTF
-- Compiling module BUFGCTRL
-- Compiling module DFE_FIR
-- Compiling module DSPCPLX
-- Compiling module DSP_FP_CAS_DELAY
-- Compiling module DSP_FP_SRCMX_OPTINV
-- Compiling module DSP_PREADD
-- Compiling module HBM_IO_CHNL
-- Compiling module HPLL
-- Compiling module IBUFDS_DIFF_OUT_INTERMDISABLE
-- Compiling module IBUFDS_GTM
-- Compiling module IBUF_IBUFDISABLE
-- Compiling module IOBUF_INTERMDISABLE
-- Compiling module IOBUF_ODDR
-- Compiling module ME_NOC_S_AXIS
-- Compiling module NOC2_NMU256
-- Compiling module NOC2_NSU256
-- Compiling module OBUFDS_ODDR
-- Compiling module ODDR
-- Compiling module PHASER_OUT_PHY
-- Compiling module RAM512X1S
-- Compiling module X5PHIO_CMU_X32
-- Compiling module XORCY
-- Compiling module DSP_FPM_STAGE0
-- Compiling module DSP_FPM_STAGE1
-- Compiling module DSP_M_DATA58
-- Compiling module DSP_OUTPUT
-- Compiling module FDRE
-- Compiling module ISERDES_NODELAY
-- Compiling module ME_PL_M_AXIS64
-- Compiling module ME_PL_S_EVENTS
-- Compiling module MMCME3_BASE
-- Compiling module NOC_NPS4
-- Compiling module NOC_NPS6
-- Compiling module OBUFDS_GTE3
-- Compiling module OBUFDS_GTE4
-- Compiling module OBUFDS_GTE5
-- Compiling module PHY_CONTROL
-- Compiling module PULLDOWN
-- Compiling module RAM32M16
-- Compiling module RAMB18E5_INT
-- Compiling module AIE_NOC_S_AXIS
-- Compiling module BSCANE2
-- Compiling module BUFR
-- Compiling module CPM_EXT
-- Compiling module CPM_MAIN
-- Compiling module DCMAC
-- Compiling module DSP_FP_INREG
-- Compiling module DSP_FP_OUTPUT
-- Compiling module GTF_CHANNEL
-- Compiling module HBM_TWO_STACK_INTF
-- Compiling module IOBUFDS_DIFF_OUT
-- Compiling module IOBUFDS_DIFF_OUT_INTERMDISABLE_ODDR
-- Compiling module MMCME4_BASE
-- Compiling module NOC_NIDB
-- Compiling module NPI_NIR
-- Compiling module PLLE2_ADV
-- Compiling module RAM64M8
-- Compiling module RAMS32
-- Compiling module AIE_NOC_M_AXIS
-- Compiling module BFR_MATMULX
-- Compiling module BUFG_HM
-- Compiling module DSP_CAS_DELAY
-- Compiling module DSP_FP_ADDER
-- Compiling module DSP_M_DATA
-- Compiling module FIFO18E1
-- Compiling module FF18_INTERNAL_VLOG
-- Compiling module GTYE3_CHANNEL
-- Compiling module IBUFDS
-- Compiling module IBUFDS_GTME5
-- Compiling module IOBUFDS_DIFF_OUT_ODDR
-- Compiling module NOC_NMU128
-- Compiling module OBUFDS_GTME5_ADV
-- Compiling module PLLE2_BASE
-- Compiling module RAMD32M64
-- Compiling module RX_BITSLICE
-- Compiling module SRL16E
-- Compiling module X5PLL_S2P
-- Compiling module AIE_ML_PL_S_EVENTS
-- Compiling module AIE_PL_M_EVENTS
-- Compiling module DFE_CFR
-- Compiling module DSP_A_B_DATA58
-- Compiling module IBUFDSE3
-- Compiling module IBUFDS_DIFF_OUT
-- Compiling module INBUF
-- Compiling module IOBUFDS_INTERMDISABLE_ODDR
-- Compiling module IOBUFDS_ODDR
-- Compiling module MMCME5
-- Compiling module NOC_NMU256
-- Compiling module NOC_NPS7575
-- Compiling module OBUFDS_DPHY_COMP
-- Compiling module OBUFDS_GTE5_ADV
-- Compiling module OBUFTDS
-- Compiling module OSERDESE1
-- Compiling module selfheal_oserdese1_vlog
-- Compiling module plg_oserdese1_vlog
-- Compiling module rank12d_oserdese1_vlog
-- Compiling module trif_oserdese1_vlog
-- Compiling module txbuffer_oserdese1_vlog
-- Compiling module fifo_tdpipe_oserdese1_vlog
-- Compiling module fifo_reset_oserdese1_vlog
-- Compiling module fifo_addr_oserdese1_vlog
-- Compiling module iodlyctrl_npre_oserdese1_vlog
-- Compiling module dout_oserdese1_vlog
-- Compiling module tout_oserdese1_vlog
-- Compiling module OSERDESE3
-- Compiling module PULLUP
-- Compiling module AIE_ML_PL_S_AXIS32
-- Compiling module AUTOBUF
-- Compiling module BUFDIV_LEAF
-- Compiling module CARRY8
-- Compiling module CMPHY_OCTAD
-- Compiling module DFE_PRACH
-- Compiling module DNA_PORT
-- Compiling module DPHY_DIFFINBUF
-- Compiling module DSP58C
-- Compiling module GTHE3_CHANNEL
-- Compiling module GTYP_QUAD
-- Compiling module IBUF_INTERMDISABLE
-- Compiling module LDCE
-- Compiling UDP latchsre_ldce
-- Compiling module ME_NOC_M_AXI
-- Compiling module PCIE40E4
-- Compiling module PCIE40E5
-- Compiling module RAM32X1S
-- Compiling module SYSMONE4
-- Compiling module VCU
-- Compiling module BUF
-- Compiling module BUFG_GT
-- Compiling module BUFG_GT_SYNC
-- Compiling module CLOCK_MOD_CLE_FF
-- Compiling module CLOCK_MOD_IRI_FF
-- Compiling module DDRMC5
-- Compiling module DFE_NL_FIR
-- Compiling module GTXE2_COMMON
-- Compiling module HBM_PHY_CHNL
-- Compiling module HBM_SNGLBLI_INTF_APB
-- Compiling module LUT6_2
-- Compiling module MMCME2_BASE
-- Compiling module NOC2_XBR4X2
-- Compiling module NOC_NPS5555
-- Compiling module OBUFDS_COMP
-- Compiling module OBUFDS_GTM
-- Compiling module RAMB18E1
-- Compiling module RB18_INTERNAL_VLOG
-- Compiling module RAMB18E2
-- Compiling module RAMS64E
-- Compiling module X5PLL
-- Compiling module XPIPE_QUAD
-- Compiling module VDU
-- Compiling module DSP_MULTIPLIER
-- Compiling module IOBUFDS_INTERMDISABLE
-- Compiling module OBUFDS
-- Compiling module RAMD64E
-- Compiling module BUFG
-- Compiling module BUFH
-- Compiling module DFE_PQ_INTERP
-- Compiling module DSP_CPLX_STAGE0
-- Compiling module HBM_MC
-- Compiling module IN_FIFO
-- Compiling module LDPE
-- Compiling UDP latchsre_ldpe
-- Compiling module ME_PL_M_AXIS128
-- Compiling module PHASER_IN
-- Compiling module XADC
-- Compiling module BUFG_FABRIC
-- Compiling module BUFHCE
-- Compiling module CARRY4
-- Compiling module DSP_MULTIPLIER58
-- Compiling module DSP_PREADD58
-- Compiling module FRAME_ECCE2
-- Compiling module FRAME_ECCE3
-- Compiling module GTHE4_CHANNEL
-- Compiling module HBM_REF_CLK
-- Compiling module IDELAYE2_FINEDELAY
-- Compiling module ILKNF
-- Compiling module MBUFGCTRL
-- Compiling module NOC2_NMU128
-- Compiling module NOC2_NSU128
-- Compiling module NOC_NPP_RPTR
-- Compiling module PCIE50E5
-- Compiling module PHASER_OUT
-- Compiling module RFADC_13B4W_M0
-- Compiling module RIU_OR
-- Compiling module STARTUPE2
-- Compiling module SYSMONE1
-- Compiling module X5PHIO_DCCINVBUF
-- Compiling module AIE_PL_M_AXIS128
-- Compiling module BUFGCE_DIV
-- Compiling module DDRMC
-- Compiling module FIFO36E1
-- Compiling module FF36_INTERNAL_VLOG
-- Compiling module FIFO36E2
-- Compiling module GND
-- Compiling module GTHE4_COMMON
-- Compiling module GTXE2_CHANNEL
-- Compiling module HARD_SYNC
-- Compiling module HBM_ONE_STACK_INTF
-- Compiling module HPIO_VREF
-- Compiling module IBUFDS_DIFF_OUT_IBUFDISABLE
-- Compiling module IBUFDS_INTERMDISABLE
-- Compiling module LCLK_DELAY
-- Compiling module MRMAC
-- Compiling module NOC2_NPS7575
-- Compiling module NOC_NMU_HBM2E
-- Compiling module NOC_NSU512
-- Compiling module OBUFDS_COMP_ODDR
-- Compiling module OBUFDS_GTME5
-- Compiling module OR2L
-- Compiling module PCIE4CE4
-- Compiling module PHASER_IN_PHY
-- Compiling module RAMB36E5
-- Compiling module BIBUF
-- Compiling module CPM
-- Compiling module DCM_ADV
-- Compiling module dcm_adv_clock_divide_by_2
-- Compiling module dcm_adv_maximum_period_check
-- Compiling module dcm_adv_clock_lost
-- Compiling module DCM_SP
-- Compiling module dcm_sp_clock_divide_by_2
-- Compiling module dcm_sp_maximum_period_check
-- Compiling module dcm_sp_clock_lost
-- Compiling module FDSE
-- Compiling module IDELAYE2
-- Compiling module IDELAYE3
-- Compiling module IDELAYE5
-- Compiling module IMI_FF
-- Compiling module IOBUFDSE3
-- Compiling module JTAG_SIME2
-- Compiling module NOC_NCRB_SSIT
-- Compiling module OBUF
-- Compiling module OBUFDS_DPHY
-- Compiling module TX_BITSLICE
-- Compiling module HARD_INV
-- Compiling module AIE_PL_S_AXIS32
-- Compiling module BITSLICE_CONTROL
-- Compiling module DSP_ALU
-- Compiling module DSP_C_DATA
-- Compiling module DSP_PATDET
-- Compiling module FDCE
-- Compiling module FDPE
-- Compiling module GTYE4_CHANNEL
-- Compiling module IBUFCTRL
-- Compiling module IDDR_2CLK
-- Compiling module IOBUF_ANALOG
-- Compiling module ME_PL_M_AXIS32
-- Compiling module OBUFT_DCIEN
-- Compiling module OUT_FIFO
-- Compiling module RAM128X1S
-- Compiling module RAM32M
-- Compiling module BUFGP
-- Compiling module CMACE4
-- Compiling module DFE_DUC_DDC
-- Compiling module DPLL
-- Compiling module DSP_C_DATA58
-- Compiling module DSP_OUTPUT58
-- Compiling module GTPE2_COMMON
-- Compiling module ILKN
-- Compiling module IOBUFDS_DIFF_OUT_INTERMDISABLE
-- Compiling module MBUFG_PS
-- Compiling module ME_PL_M_EVENTS
-- Compiling module MMCME2_ADV
-- Compiling module OBUFTDS_ODDR
-- Compiling module PLLE4_BASE
-- Compiling module URAM288
-- Compiling module URAM288_BASE
-- Compiling module ZHOLD_DELAY
-- Compiling module AIE_ML_PL_M_AXIS64
-- Compiling module CLOCK_MOD_CLE_IMR
-- Compiling module GTYE5_QUAD
-- Compiling module OSERDESE2
-- Compiling module CAPTUREE2
-- Compiling module DSP58
-- Compiling module GTHE3_COMMON
-- Compiling module IBUF
-- Compiling module ILKNE4
-- Compiling module IOBUFDS_COMP
-- Compiling module LUTCY1
-- Compiling module LUTCY2
-- Compiling module ME_NOC_M_AXIS
-- Compiling module MMCME4_ADV
-- Compiling module OBUFDS_GTM_ADV
-- Compiling module ODELAYE2
-- Compiling module ODELAYE3
-- Compiling module ODELAYE5
-- Compiling module PLLE4_ADV
-- Compiling module PVT_SAS
-- Compiling module RAM128X1D
-- Compiling module RAMS64E1
-- Compiling module SRLC16E
-- Compiling module AIE_ML_NOC_M_AXI
-- Compiling module AIE_ML_NOC_S_AXI
-- Compiling module AIE_ML_NOC_S_AXIS
-- Compiling module IDDR
-- Compiling module IDDRE1
-- Compiling module ISERDESE2
-- Compiling module ISERDESE3
-- Compiling module LUT6CY
-- Compiling module MBUFG_GT
-- Compiling module ME_PL_S_AXIS128
-- Compiling module OSERDES
-- Compiling module PS7
-- Compiling module PS8
-- Compiling module X5PHIO_CMUIF
-- Compiling module XPLL
-- Compiling module IBUFG_GTLP_DCI
-- Compiling module IBUFG_LVCMOS2
-- Compiling module IBUF_GTL
-- Compiling module IBUF_GTL_DCI
-- Compiling module IBUF_LVCMOS2
-- Compiling module IBUF_LVTTL
-- Compiling module IOBUF_HSTL_IV
-- Compiling module IOBUF_HSTL_I_18
-- Compiling module LUT5_L
-- Compiling module OBUFT_S_24
-- Compiling module OBUF_GTLP
-- Compiling module OBUF_HSTL_III_18
-- Compiling module OBUF_HSTL_III_DCI
-- Compiling module OBUF_HSTL_IV
-- Compiling module OBUF_HSTL_I_DCI
-- Compiling module OBUF_LVTTL_F_12
-- Compiling module OBUF_SSTL18_II_DCI
-- Compiling module OR4B1
-- Compiling module OR4B2
-- Compiling module OR4B3
-- Compiling module RAMB16
-- Compiling module RAMB16_S18
-- Compiling module RAMB18
-- Compiling module ROM32X1
-- Compiling module ROM64X1
-- Compiling module AND4B1
-- Compiling module AND4B2
-- Compiling module AND4B3
-- Compiling module AND4B4
-- Compiling module BSCAN_VIRTEX4
-- Compiling module BSCAN_VIRTEX5
-- Compiling module BSCAN_VIRTEX6
-- Compiling module BUFGMUX_1
-- Compiling module CLKDLLE
-- Compiling module FIFO16
-- Compiling module FIFO18
-- Compiling module IBUFDS_BLVDS_25
-- Compiling module IBUFG_HSTL_IV_DCI
-- Compiling module IBUFG_HSTL_IV_DCI_18
-- Compiling module IBUF_LVCMOS18
-- Compiling module IBUF_LVDCI_DV2_15
-- Compiling module IBUF_LVDCI_DV2_18
-- Compiling module IOBUF_HSTL_II_18
-- Compiling module IOBUF_HSTL_II_DCI_18
-- Compiling module IOBUF_LVCMOS15_F_2
-- Compiling module IOBUF_LVCMOS33_S_12
-- Compiling module IOBUF_S_2
-- Compiling module LUT6_L
-- Compiling module OBUFT_HSTL_II
-- Compiling module OBUFT_HSTL_II_DCI_18
-- Compiling module OBUFT_HSTL_IV_DCI_18
-- Compiling module OBUFT_HSTL_I_DCI
-- Compiling module OBUFT_LVTTL
-- Compiling module OBUFT_PCIX66_3
-- Compiling module OBUF_AGP
-- Compiling module OBUF_LVCMOS15_F_16
-- Compiling module OBUF_LVCMOS33_F_2
-- Compiling module OBUF_LVCMOS33_F_4
-- Compiling module OBUF_LVCMOS33_F_6
-- Compiling module OBUF_LVCMOS33_F_8
-- Compiling module OBUF_SSTL18_I_DCI
-- Compiling module OR2B1
-- Compiling module RAMB16BWE_S36_S18
-- Compiling module ROM16X1
-- Compiling module AND2B2
-- Compiling module IBUFDS_LVDSEXT_25_DCI
-- Compiling module IBUFDS_LVDS_25
-- Compiling module IBUFGDS_LDT_25
-- Compiling module IBUFGDS_LVDSEXT_25_DCI
-- Compiling module IBUFG_HSTL_I
-- Compiling module IBUFG_HSTL_IV
-- Compiling module IBUFG_SSTL2_II
-- Compiling module IBUF_CTT
-- Compiling module IBUF_HSTL_IV_18
-- Compiling module IBUF_LVPECL
-- Compiling module IOBUF_F_2
-- Compiling module IOBUF_F_24
-- Compiling module IOBUF_F_4
-- Compiling module IOBUF_F_6
-- Compiling module IOBUF_F_8
-- Compiling module IOBUF_LVCMOS12
-- Compiling module IOBUF_LVCMOS15
-- Compiling module IOBUF_LVCMOS15_S_12
-- Compiling module IOBUF_LVCMOS18
-- Compiling module IOBUF_PCIX66_3
-- Compiling module LUT1_D
-- Compiling module NOR2
-- Compiling module NOR3
-- Compiling module NOR4
-- Compiling module NOR4B1
-- Compiling module NOR4B2
-- Compiling module NOR4B3
-- Compiling module NOR4B4
-- Compiling module OBUFTDS_LDT_25
-- Compiling module OBUFT_LVCMOS33_F_2
-- Compiling module OBUFT_LVDCI_15
-- Compiling module OBUFT_LVDCI_18
-- Compiling module OBUFT_LVDS
-- Compiling module OBUFT_PCI66_3
-- Compiling module OBUFT_SSTL18_I_DCI
-- Compiling module OBUFT_SSTL3_I
-- Compiling module OBUF_GTL_DCI
-- Compiling module OBUF_LVCMOS12_S_6
-- Compiling module OBUF_LVCMOS12_S_8
-- Compiling module OBUF_LVCMOS18_S_2
-- Compiling module OBUF_LVCMOS18_S_4
-- Compiling module OBUF_LVCMOS18_S_6
-- Compiling module OBUF_LVCMOS18_S_8
-- Compiling module OBUF_LVDCI_DV2_15
-- Compiling module OBUF_LVDCI_DV2_18
-- Compiling module OBUF_SSTL18_I
-- Compiling module OR2
-- Compiling module OR3
-- Compiling module OR4
-- Compiling module OR5
-- Compiling module RAM16X1D
-- Compiling module RAM32X4S
-- Compiling module RAMB16_S2_S2
-- Compiling module RAMB16_S2_S4
-- Compiling module RAMB16_S2_S9
-- Compiling module SRLC16E_1
-- Compiling module BUFGMUX
-- Compiling module IBUFDS_LVDSEXT_33
-- Compiling module IBUFG_SSTL2_I_DCI
-- Compiling module IBUF_GTLP_DCI
-- Compiling module IBUF_PCI66_3
-- Compiling module IBUF_SSTL18_II
-- Compiling module IOBUF_LVCMOS12_F_6
-- Compiling module IOBUF_LVCMOS12_F_8
-- Compiling module IOBUF_LVDCI_15
-- Compiling module IOBUF_LVTTL_F_8
-- Compiling module IOBUF_S_16
-- Compiling module NAND2
-- Compiling module OBUFT_LVCMOS12_S_2
-- Compiling module OBUFT_LVCMOS12_S_4
-- Compiling module OBUFT_LVCMOS12_S_6
-- Compiling module OBUFT_LVCMOS12_S_8
-- Compiling module OBUF_LVDS
-- Compiling module RAMB16BWE_S18
-- Compiling module AND5B1
-- Compiling module RAMB16_S1_S36
-- Compiling module RAMB16_S2_S18
-- Compiling module FIFO36_72
-- Compiling module IBUFDS_ULVDS_25
-- Compiling module IBUFG_CTT
-- Compiling module IBUFG_HSTL_II
-- Compiling module IBUFG_HSTL_III_18
-- Compiling module IBUFG_LVDCI_25
-- Compiling module IBUFG_SSTL18_II
-- Compiling module IBUF_SSTL2_II_DCI
-- Compiling module IOBUF_LVCMOS18_F_12
-- Compiling module IOBUF_SSTL2_II
-- Compiling module IODELAYE1
-- Compiling module LDP
-- Compiling module LUT4_L
-- Compiling module MULT18X18
-- Compiling module OBUFDS_LVPECL_33
-- Compiling module OBUFT_LVDCI_DV2_25
-- Compiling module OBUF_HSTL_III_DCI_18
-- Compiling module OBUF_LVCMOS18_F_12
-- Compiling module OBUF_LVCMOS18_F_16
-- Compiling module OBUF_LVCMOS25_S_12
-- Compiling module OBUF_LVCMOS25_S_24
-- Compiling module OBUF_LVTTL_S_2
-- Compiling module OBUF_LVTTL_S_4
-- Compiling module OBUF_LVTTL_S_6
-- Compiling module OR3B2
-- Compiling module SYSMON
-- Compiling module AND5B2
-- Compiling module AND5B3
-- Compiling module AND5B4
-- Compiling module AND5B5
-- Compiling module DSP48A
-- Compiling module DSP48E
-- Compiling module FD
-- Compiling module FDRSE_1
-- Compiling module IBUFDS_LVDSEXT_33_DCI
-- Compiling module IBUFGDS_LVDSEXT_33_DCI
-- Compiling module IBUFG_LVDCI_15
-- Compiling module IBUFG_LVDCI_18
-- Compiling module IBUFG_LVPECL
-- Compiling module IBUF_HSTL_III_DCI
-- Compiling module IBUF_SSTL3_I
-- Compiling module ICAP_SPARTAN6
-- Compiling module IOBUF_AGP
-- Compiling module IOBUF_LVCMOS12_F_2
-- Compiling module IOBUF_LVCMOS12_F_4
-- Compiling module IOBUF_LVCMOS18_F_16
-- Compiling module IOBUF_LVCMOS18_F_8
-- Compiling module IOBUF_LVCMOS25_S_12
-- Compiling module IOBUF_LVCMOS25_S_16
-- Compiling module IOBUF_LVCMOS25_S_2
-- Compiling module IOBUF_LVCMOS25_S_4
-- Compiling module IOBUF_LVCMOS25_S_6
-- Compiling module IOBUF_LVCMOS25_S_8
-- Compiling module IOBUF_LVDCI_25
-- Compiling module IOBUF_SSTL18_I
-- Compiling module LDC
-- Compiling module MMCM_ADV
-- Compiling module MUXCY_D
-- Compiling module NAND2B1
-- Compiling module NAND2B2
-- Compiling module NAND3
-- Compiling module NAND4
-- Compiling module NAND5
-- Compiling module OBUFT_GTL
-- Compiling module OBUFT_HSTL_IV_18
-- Compiling module OBUFT_HSTL_I_18
-- Compiling module OBUFT_LVCMOS18_S_12
-- Compiling module OBUFT_LVCMOS18_S_16
-- Compiling module OBUFT_LVCMOS18_S_4
-- Compiling module OBUFT_LVCMOS18_S_6
-- Compiling module OBUFT_LVCMOS18_S_8
-- Compiling module OBUFT_LVDCI_DV2_18
-- Compiling module OBUF_LVCMOS25_S_16
-- Compiling module RAM32X2S
-- Compiling module RAMB16BWE_S18_S9
-- Compiling module RAMB16BWE_S36
-- Compiling module RAMB16_S4_S4
-- Compiling module DCM_PS
-- Compiling module DSP48A1
-- Compiling module FDE
-- Compiling module FDR_1
-- Compiling module IBUFGDS_LVPECL_25
-- Compiling module IBUFG_HSTL_II_DCI
-- Compiling module IBUFG_LVDCI_33
-- Compiling module IBUF_HSTL_I
-- Compiling module IBUF_HSTL_I_DCI_18
-- Compiling module IBUF_PCI33_3
-- Compiling module IBUF_PCI33_5
-- Compiling module IBUF_SSTL2_I
-- Compiling module ICAP_VIRTEX4
-- Compiling module ICAP_VIRTEX5
-- Compiling module ICAP_VIRTEX6
-- Compiling module IOBUF_LVCMOS12_S_2
-- Compiling module IOBUF_LVCMOS12_S_4
-- Compiling module IOBUF_LVCMOS25_F_24
-- Compiling module MUXF6_D
-- Compiling module OBUFDS_LVDS_25
-- Compiling module OBUFTDS_LVDSEXT_25
-- Compiling module OBUFT_F_4
-- Compiling module OBUFT_F_6
-- Compiling module OBUFT_F_8
-- Compiling module OBUFT_LVDCI_33
-- Compiling module OBUFT_SSTL3_I_DCI
-- Compiling module OBUF_HSTL_IV_18
-- Compiling module OBUF_LVCMOS15_S_16
-- Compiling module OBUF_LVDCI_DV2_25
-- Compiling module RAM32X1S_1
-- Compiling module RAM64X1S_1
-- Compiling module XNOR2
-- Compiling module XNOR3
-- Compiling module XNOR4
-- Compiling module XNOR5
-- Compiling module BUFIO2
-- Compiling module FDC
-- Compiling module IBUFDS_LVDS_33
-- Compiling module IBUFG_LVTTL
-- Compiling module IOBUF_LVCMOS25
-- Compiling module IOBUF_LVCMOS25_F_12
-- Compiling module IOBUF_LVCMOS25_F_16
-- Compiling module IOBUF_LVTTL
-- Compiling module IOBUF_LVTTL_S_2
-- Compiling module IOBUF_LVTTL_S_4
-- Compiling module MUXF6_L
-- Compiling module OBUFT_F_2
-- Compiling module OBUFT_HSTL_II_18
-- Compiling module OBUF_LVCMOS15_S_12
-- Compiling module OBUF_LVCMOS25_F_16
-- Compiling module RAM16X1S
-- Compiling module RAMB16_S1_S1
-- Compiling module RAMB16_S1_S2
-- Compiling module BUFGMUX_VIRTEX4
-- Compiling module IOBUF_LVCMOS15_S_2
-- Compiling module NOR5B2
-- Compiling module NOR5B3
-- Compiling module NOR5B4
-- Compiling module OBUFT_LVCMOS33_F_16
-- Compiling module OBUF_LVCMOS12_F_2
-- Compiling module OBUF_LVCMOS12_F_4
-- Compiling module OBUF_LVCMOS12_F_6
-- Compiling module OBUF_LVTTL_F_16
-- Compiling module OBUF_PCIX
-- Compiling module BSCAN_SPARTAN3A
-- Compiling module CAPTURE_SPARTAN3A
-- Compiling module CLKDLL
-- Compiling module IBUF_HSTL_II
-- Compiling module IOBUF_GTL_DCI
-- Compiling module IOBUF_HSTL_I
-- Compiling module LDCP
-- Compiling module LUT1_L
-- Compiling module OBUF_LVCMOS12_S_2
-- Compiling module OBUF_LVCMOS12_S_4
-- Compiling module OBUF_LVDCI_25
-- Compiling module OBUF_LVTTL_S_8
-- Compiling module OBUF_SSTL18_II
-- Compiling module OBUF_SSTL3_II
-- Compiling module RAMB16_S9_S18
-- Compiling module AND2
-- Compiling module AND3
-- Compiling module BUFGMUX_CTRL
-- Compiling module CAPTURE_VIRTEX4
-- Compiling module CAPTURE_VIRTEX5
-- Compiling module CAPTURE_VIRTEX6
-- Compiling module FIFO36
-- Compiling module GTXE1
-- Compiling module IBUFG_GTL
-- Compiling module IBUFG_GTL_DCI
-- Compiling module IBUFG_HSTL_III
-- Compiling module IBUFG_HSTL_II_18
-- Compiling module IBUFG_LVDCI_DV2_33
-- Compiling module IBUF_LVCMOS12
-- Compiling module IBUF_LVCMOS25
-- Compiling module IBUF_LVDCI_DV2_25
-- Compiling module IBUF_SSTL18_II_DCI
-- Compiling module IOBUF_LVCMOS15_F_4
-- Compiling module IOBUF_LVCMOS15_F_8
-- Compiling module IOBUF_LVTTL_S_12
-- Compiling module IOBUF_LVTTL_S_16
-- Compiling module LD
-- Compiling module LDPE_1
-- Compiling module MULT18X18SIO
-- Compiling module MUXF8_D
-- Compiling module MUXF8_L
-- Compiling module NOR3B1
-- Compiling module NOR3B2
-- Compiling module NOR3B3
-- Compiling module OBUFDS_LVDSEXT_25
-- Compiling module OBUFT_CTT
-- Compiling module OBUFT_HSTL_III_18
-- Compiling module OBUFT_HSTL_I_DCI_18
-- Compiling module OBUFT_LVCMOS15_F_12
-- Compiling module OBUFT_LVCMOS15_S_6
-- Compiling module OBUFT_LVCMOS25
-- Compiling module OBUFT_LVCMOS33_S_2
-- Compiling module OBUFT_LVCMOS33_S_6
-- Compiling module OBUFT_LVTTL_F_12
-- Compiling module OBUFT_PCI33_3
-- Compiling module OBUFT_SSTL2_I
-- Compiling module OBUFT_SSTL2_II_DCI
-- Compiling module OBUFT_S_12
-- Compiling module OBUF_F_16
-- Compiling module OBUF_HSTL_III
-- Compiling module OBUF_HSTL_II_18
-- Compiling module OBUF_LVCMOS25_F_2
-- Compiling module OBUF_LVCMOS25_F_4
-- Compiling module OBUF_SSTL3_I
-- Compiling module OBUF_SSTL3_II_DCI
-- Compiling module RAM16X1S_1
-- Compiling module RAM32X8S
-- Compiling module RAMB16BWE_S36_S9
-- Compiling module RAMB16_S1
-- Compiling module RAMB16_S2
-- Compiling module ROM256X1
-- Compiling module SRL16E_1
-- Compiling module SRLC16
-- Compiling module AND4
-- Compiling module AND5
-- Compiling module BUFIODQS
-- Compiling module IBUFG_HSTL_I_18
-- Compiling module IBUF_PCIX66_3
-- Compiling module IOBUFDS_BLVDS_25
-- Compiling module IOBUF_HSTL_IV_DCI_18
-- Compiling module IOBUF_LVCMOS33_F_12
-- Compiling module MUXF5
-- Compiling module MUXF5_D
-- Compiling module MUXF6
-- Compiling module OBUFDS_BLVDS_25
-- Compiling module OBUFDS_LVDSEXT_33
-- Compiling module OBUFT_LVCMOS12_F_2
-- Compiling module OBUFT_LVCMOS33
-- Compiling module OBUFT_LVCMOS33_S_16
-- Compiling module OBUFT_LVCMOS33_S_4
-- Compiling module OBUFT_LVCMOS33_S_8
-- Compiling module OBUFT_LVPECL
-- Compiling module OBUFT_LVTTL_F_16
-- Compiling module OBUFT_LVTTL_S_4
-- Compiling module OBUFT_LVTTL_S_6
-- Compiling module OBUFT_LVTTL_S_8
-- Compiling module OBUFT_PCI33_5
-- Compiling module OBUF_F_12
-- Compiling module OBUF_LVCMOS25_F_6
-- Compiling module OBUF_LVCMOS25_F_8
-- Compiling module OBUF_LVCMOS33_F_12
-- Compiling module OBUF_LVCMOS33_S_24
-- Compiling module OBUF_LVPECL
-- Compiling module OBUF_LVTTL_S_12
-- Compiling module OBUF_LVTTL_S_16
-- Compiling module RAM64X1D_1
-- Compiling module RAMB16BWE_S36_S36
-- Compiling module RAMB16_S18_S18
-- Compiling module RAMB16_S9_S9
-- Compiling module STARTUP_VIRTEX4
-- Compiling module STARTUP_VIRTEX5
-- Compiling module STARTUP_VIRTEX6
-- Compiling module CAPTURE_SPARTAN3
-- Compiling module DCM
-- Compiling module DCM_BASE
-- Compiling module FDE_1
-- Compiling module FDSE_1
-- Compiling module FDS_1
-- Compiling module IBUFGDS
-- Compiling module IBUFG_HSTL_III_DCI
-- Compiling module IBUFG_PCI66_3
-- Compiling module IBUFG_SSTL3_I
-- Compiling module IBUF_HSTL_IV_DCI_18
-- Compiling module IBUF_SSTL3_II_DCI
-- Compiling module IDELAY
-- Compiling module IOBUF_LVCMOS15_S_4
-- Compiling module IOBUF_LVCMOS15_S_6
-- Compiling module IOBUF_LVCMOS15_S_8
-- Compiling module IOBUF_LVCMOS18_S_12
-- Compiling module IOBUF_LVCMOS18_S_16
-- Compiling module IOBUF_LVTTL_F_2
-- Compiling module IOBUF_LVTTL_F_24
-- Compiling module IOBUF_LVTTL_F_4
-- Compiling module IOBUF_LVTTL_F_6
-- Compiling module IODELAY2
-- Compiling module MMCM_BASE
-- Compiling module MUXF7_D
-- Compiling module NOR5B5
-- Compiling module OBUFTDS_LVPECL_33
-- Compiling module OBUFT_F_24
-- Compiling module OBUFT_GTLP_DCI
-- Compiling module OBUFT_GTL_DCI
-- Compiling module OBUFT_LVCMOS33_F_24
-- Compiling module OBUF_LVCMOS12_F_8
-- Compiling module OBUF_LVCMOS18_F_4
-- Compiling module OBUF_LVCMOS18_F_6
-- Compiling module OBUF_LVCMOS18_F_8
-- Compiling module OBUF_LVCMOS25_S_2
-- Compiling module OBUF_LVTTL_F_24
-- Compiling module RAM16X8S
-- Compiling module RAMB36
-- Compiling module IBUF_GTLP
-- Compiling module IBUF_LVCMOS15
-- Compiling module IBUF_PCIX
-- Compiling module IBUF_SSTL2_I_DCI
-- Compiling module IOBUF_LVCMOS15_F_6
-- Compiling module IOBUF_LVCMOS33_S_24
-- Compiling module IOBUF_LVDCI_DV2_33
-- Compiling module IOBUF_LVDS
-- Compiling module IOBUF_PCI66_3
-- Compiling module IOBUF_SSTL3_I
-- Compiling module IOBUF_S_4
-- Compiling module IOBUF_S_6
-- Compiling module IOBUF_S_8
-- Compiling module LUT3_L
-- Compiling module OBUFT_HSTL_III_DCI
-- Compiling module OBUFT_LVCMOS15_S_8
-- Compiling module OBUFT_LVCMOS25_F_24
-- Compiling module OBUFT_LVTTL_S_24
-- Compiling module OBUF_HSTL_I_18
-- Compiling module OBUF_LVCMOS33
-- Compiling module OBUF_LVTTL
-- Compiling module OBUF_PCI66_3
-- Compiling module RAM16X4S
-- Compiling module RAMB16_S4
-- Compiling module RAMB16_S9
-- Compiling module FDCP_1
-- Compiling module IBUFDS_LDT_25
-- Compiling module IBUFGDS_LVPECL_33
-- Compiling module IBUFG_HSTL_IV_18
-- Compiling module IBUFG_LVCMOS25
-- Compiling module IBUFG_LVDCI_DV2_18
-- Compiling module IBUF_SSTL3_I_DCI
-- Compiling module IOBUF_CTT
-- Compiling module IOBUF_LVCMOS12_S_6
-- Compiling module IOBUF_LVCMOS12_S_8
-- Compiling module IOBUF_LVCMOS18_S_6
-- Compiling module IOBUF_LVCMOS18_S_8
-- Compiling module IOBUF_LVDCI_DV2_15
-- Compiling module IOBUF_PCIX
-- Compiling module LDCPE
-- Compiling module NAND4B3
-- Compiling module OBUFDS_LVDS_33
-- Compiling module OBUFTDS_BLVDS_25
-- Compiling module OBUFTDS_LVDSEXT_33
-- Compiling module OBUFT_LVCMOS12
-- Compiling module OBUFT_LVCMOS15_S_12
-- Compiling module OBUFT_LVTTL_S_12
-- Compiling module OBUFT_LVTTL_S_16
-- Compiling module OBUF_GTL
-- Compiling module OBUF_PCIX66_3
-- Compiling module OBUF_S_12
-- Compiling module OBUF_S_16
-- Compiling module OR5B1
-- Compiling module OR5B2
-- Compiling module OR5B3
-- Compiling module OR5B4
-- Compiling module OR5B5
-- Compiling module PLL_BASE
-- Compiling module RAM64X2S
-- Compiling module SRL32E
-- Compiling module IBUFDS_LVDSEXT_25
-- Compiling module IBUFDS_LVDS_25_DCI
-- Compiling module IBUFGDS_LVDSEXT_33
-- Compiling module IBUFGDS_LVDS_33_DCI
-- Compiling module IBUFG_HSTL_I_DCI
-- Compiling module IBUFG_SSTL3_I_DCI
-- Compiling module IBUF_SSTL18_I_DCI
-- Compiling module IOBUF_LVCMOS25_F_4
-- Compiling module IOBUF_LVCMOS25_F_6
-- Compiling module IOBUF_LVCMOS25_F_8
-- Compiling module IOBUF_LVTTL_F_12
-- Compiling module IOBUF_LVTTL_F_16
-- Compiling module LDCP_1
-- Compiling module LUT5_D
-- Compiling module NAND3B1
-- Compiling module NAND3B2
-- Compiling module NAND3B3
-- Compiling module OBUFTDS_LVDS_25
-- Compiling module OBUFT_F_12
-- Compiling module OBUF_HSTL_II
-- Compiling module OBUF_LVCMOS33_F_24
-- Compiling module OBUF_LVCMOS33_S_8
-- Compiling module OBUF_LVTTL_F_2
-- Compiling module OBUF_LVTTL_F_4
-- Compiling module OBUF_LVTTL_F_6
-- Compiling module OBUF_PCI33_3
-- Compiling module OR4B4
-- Compiling module RAMB16BWER
-- Compiling module RAMB16_S18_S36
-- Compiling module XORCY_D
-- Compiling module IBUFDS_GTXE1
-- Compiling module IBUFGDS_LVDS_33
-- Compiling module IBUFG_HSTL_I_DCI_18
-- Compiling module IBUFG_LVCMOS33
-- Compiling module IBUFG_LVDCI_DV2_25
-- Compiling module IBUFG_LVDS
-- Compiling module IBUF_HSTL_I_18
-- Compiling module IBUF_LVDCI_25
-- Compiling module IBUF_LVDCI_33
-- Compiling module IBUF_SSTL18_I
-- Compiling module IBUF_SSTL2_II
-- Compiling module IOBUF_LVCMOS15_F_12
-- Compiling module IOBUF_LVCMOS15_F_16
-- Compiling module IOBUF_LVCMOS33_S_16
-- Compiling module IOBUF_LVDCI_DV2_25
-- Compiling module LD_1
-- Compiling module LUT3_D
-- Compiling module NAND4B1
-- Compiling module NAND4B2
-- Compiling module OBUFT_HSTL_IV
-- Compiling module OBUFT_LVCMOS15_S_16
-- Compiling module OBUFT_LVCMOS15_S_2
-- Compiling module OBUFT_LVCMOS15_S_4
-- Compiling module OBUFT_LVCMOS25_F_12
-- Compiling module OBUFT_LVCMOS25_F_16
-- Compiling module OBUFT_SSTL2_I_DCI
-- Compiling module OBUF_LVCMOS15_F_12
-- Compiling module OBUF_LVCMOS25
-- Compiling module OBUF_LVCMOS33_S_12
-- Compiling module OBUF_LVCMOS33_S_16
-- Compiling module OBUF_SSTL3_I_DCI
-- Compiling module OBUF_S_24
-- Compiling module OR2B2
-- Compiling module RAMB16BWE_S18_S18
-- Compiling module RAMB16_S4_S36
-- Compiling module RAMB18SDP
-- Compiling module SRL16_1
-- Compiling module SRLC16_1
-- Compiling module AMS_DAC
-- Compiling module IBUF_AGP
-- Compiling module MULT18X18S
-- Compiling module NOR5B1
-- Compiling module OBUF_LVCMOS18_F_2
-- Compiling module AND3B1
-- Compiling module AND3B2
-- Compiling module AND3B3
-- Compiling module CLKDLLHF
-- Compiling module FDCPE_1
-- Compiling module IBUFG
-- Compiling module IBUF_HSTL_II_DCI
-- Compiling module IOBUF_HSTL_II_DCI
-- Compiling module IOBUF_PCI33_3
-- Compiling module IOBUF_PCI33_5
-- Compiling module IOBUF_SSTL2_I
-- Compiling module LDCPE_1
-- Compiling module LUT2_D
-- Compiling module LUT2_L
-- Compiling module OBUFTDS_LVPECL_25
-- Compiling module OBUFT_F_16
-- Compiling module OBUFT_HSTL_II_DCI
-- Compiling module OBUFT_LVCMOS33_F_12
-- Compiling module OBUFT_SSTL18_II_DCI
-- Compiling module OBUF_CTT
-- Compiling module OBUF_GTLP_DCI
-- Compiling module OBUF_LVCMOS33_S_2
-- Compiling module OBUF_LVCMOS33_S_4
-- Compiling module OBUF_LVCMOS33_S_6
-- Compiling module OBUF_LVTTL_F_8
-- Compiling module OBUF_PCI33_5
-- Compiling module OBUF_SSTL2_I
-- Compiling module TEMAC_SINGLE
-- Compiling module XORCY_L
-- Compiling module BUFG_LB
-- Compiling module FDCP
-- Compiling module FRAME_ECC_VIRTEX6
-- Compiling module IBUFDS_LVDS_33_DCI
-- Compiling module IBUFGDS_BLVDS_25
-- Compiling module IBUFGDS_LVDSEXT_25
-- Compiling module IBUFG_SSTL18_II_DCI
-- Compiling module IBUFG_SSTL3_II_DCI
-- Compiling module IBUF_HSTL_III
-- Compiling module IBUF_LVCMOS33
-- Compiling module IBUF_LVDCI_DV2_33
-- Compiling module IOBUF_HSTL_II
-- Compiling module IOBUF_LVCMOS25_F_2
-- Compiling module IOBUF_LVCMOS33_F_24
-- Compiling module IOBUF_LVTTL_S_24
-- Compiling module IOBUF_SSTL3_II_DCI
-- Compiling module KEY_CLEAR
-- Compiling module LDCE_1
-- Compiling module OBUFT_HSTL_I
-- Compiling module OBUFT_LVCMOS25_S_2
-- Compiling module OBUFT_LVCMOS25_S_4
-- Compiling module OBUFT_LVCMOS25_S_6
-- Compiling module OBUFT_LVCMOS25_S_8
-- Compiling module OBUFT_LVCMOS33_S_24
-- Compiling module OBUFT_LVTTL_F_24
-- Compiling module OBUF_HSTL_I
-- Compiling module OBUF_LVCMOS15_S_2
-- Compiling module OBUF_LVCMOS15_S_4
-- Compiling module OBUF_LVCMOS15_S_6
-- Compiling module OBUF_LVCMOS15_S_8
-- Compiling module OBUF_LVTTL_S_24
-- Compiling module ODDR2
-- Compiling module RAM32X1D_1
-- Compiling module STARTUP_SPARTAN3
-- Compiling module STARTUP_SPARTAN6
-- Compiling module FDRS
-- Compiling module FD_1
-- Compiling module IBUFG_HSTL_III_DCI_18
-- Compiling module IBUF_HSTL_IV_DCI
-- Compiling module IOBUF_HSTL_IV_DCI
-- Compiling module IOBUF_LVCMOS18_F_2
-- Compiling module IOBUF_LVCMOS18_F_4
-- Compiling module IOBUF_LVCMOS18_F_6
-- Compiling module IOBUF_LVDCI_18
-- Compiling module IOBUF_LVPECL
-- Compiling module IOBUF_SSTL3_II
-- Compiling module IOBUF_S_24
-- Compiling module LDP_1
-- Compiling module MUXCY_L
-- Compiling module NAND5B1
-- Compiling module NAND5B2
-- Compiling module NAND5B3
-- Compiling module NAND5B4
-- Compiling module NAND5B5
-- Compiling module OBUFTDS_ULVDS_25
-- Compiling module OBUFT_GTLP
-- Compiling module OBUFT_HSTL_IV_DCI
-- Compiling module OBUFT_LVCMOS2
-- Compiling module OBUFT_PCIX
-- Compiling module RAMB16_S4_S9
-- Compiling module USR_ACCESS_VIRTEX6
-- Compiling module DSP48
-- Compiling module FDC_1
-- Compiling module GTPA1_DUAL
-- Compiling module IBUFG_AGP
-- Compiling module IBUFG_SSTL18_I_DCI
-- Compiling module IBUF_HSTL_III_18
-- Compiling module IBUF_HSTL_III_DCI_18
-- Compiling module IBUF_HSTL_I_DCI
-- Compiling module IBUF_LVDS
-- Compiling module ICAP_SPARTAN3A
-- Compiling module IDDR2
-- Compiling module IOBUF_GTLP_DCI
-- Compiling module IOBUF_HSTL_III_18
-- Compiling module IOBUF_LVCMOS33_F_16
-- Compiling module IOBUF_LVCMOS33_F_2
-- Compiling module IOBUF_LVCMOS33_F_4
-- Compiling module IOBUF_LVCMOS33_F_6
-- Compiling module IOBUF_LVCMOS33_F_8
-- Compiling module IOBUF_SSTL18_II_DCI
-- Compiling module LDC_1
-- Compiling module MULT_AND
-- Compiling module MUXF5_L
-- Compiling module OBUFT_HSTL_III
-- Compiling module OBUFT_LVCMOS12_F_4
-- Compiling module OBUFT_LVCMOS12_F_6
-- Compiling module OBUFT_LVCMOS12_F_8
-- Compiling module OBUFT_LVCMOS15_F_16
-- Compiling module OBUFT_LVCMOS18_F_2
-- Compiling module OBUFT_LVCMOS18_F_4
-- Compiling module OBUFT_LVCMOS18_F_6
-- Compiling module OBUFT_LVCMOS18_F_8
-- Compiling module OBUFT_LVCMOS33_S_12
-- Compiling module OBUFT_LVTTL_S_2
-- Compiling module OBUFT_SSTL18_II
-- Compiling module OBUFT_S_16
-- Compiling module OBUFT_S_2
-- Compiling module OBUFT_S_4
-- Compiling module OBUFT_S_6
-- Compiling module OBUFT_S_8
-- Compiling module OBUF_F_2
-- Compiling module OBUF_F_24
-- Compiling module OBUF_F_4
-- Compiling module OBUF_F_6
-- Compiling module OBUF_F_8
-- Compiling module OBUF_LVCMOS33_F_16
-- Compiling module OBUF_SSTL2_I_DCI
-- Compiling module OBUF_SSTL2_II_DCI
-- Compiling module RAMB16_S1_S18
-- Compiling module FDCE_1
-- Compiling module FDR
-- Compiling module FDS
-- Compiling module IBUFGDS_LVDS_25
-- Compiling module IBUFGDS_ULVDS_25
-- Compiling module IBUFG_GTLP
-- Compiling module IBUFG_LVCMOS18
-- Compiling module IBUFG_PCIX
-- Compiling module IBUFG_PCIX66_3
-- Compiling module IBUF_HSTL_II_18
-- Compiling module IBUF_LVDCI_15
-- Compiling module IBUF_LVDCI_18
-- Compiling module IBUF_SSTL3_II
-- Compiling module IOBUF_GTLP
-- Compiling module IOBUF_LVCMOS18_S_2
-- Compiling module IOBUF_LVCMOS18_S_4
-- Compiling module IOBUF_LVCMOS33
-- Compiling module NAND4B4
-- Compiling module OBUFT_LVCMOS25_F_2
-- Compiling module OBUFT_LVCMOS25_F_4
-- Compiling module OBUFT_LVCMOS25_F_6
-- Compiling module OBUFT_LVCMOS25_S_24
-- Compiling module OBUFT_LVTTL_F_6
-- Compiling module OBUFT_LVTTL_F_8
-- Compiling module OBUFT_SSTL2_II
-- Compiling module OBUFT_SSTL3_II_DCI
-- Compiling module OBUF_LVCMOS12
-- Compiling module OBUF_LVCMOS15
-- Compiling module OBUF_LVCMOS15_F_2
-- Compiling module OBUF_LVCMOS15_F_4
-- Compiling module OBUF_LVCMOS15_F_6
-- Compiling module OBUF_LVCMOS18
-- Compiling module OBUF_LVCMOS25_F_24
-- Compiling module OBUF_LVDCI_33
-- Compiling module RAM128X1S_1
-- Compiling module RAM16X2S
-- Compiling module RAMB16_S9_S36
-- Compiling module RAMB8BWER
-- Compiling module SRL16
-- Compiling module XOR2
-- Compiling module XOR3
-- Compiling module XOR4
-- Compiling module XOR5
-- Compiling module FDP_1
-- Compiling module FDRE_1
-- Compiling module FDRS_1
-- Compiling module IBUFDS_LVPECL_25
-- Compiling module IBUFDS_LVPECL_33
-- Compiling module IBUFGDS_LVDS_25_DCI
-- Compiling module IBUFG_SSTL2_II_DCI
-- Compiling module IBUF_HSTL_II_DCI_18
-- Compiling module IOBUF_GTL
-- Compiling module IOBUF_LVCMOS33_S_2
-- Compiling module IOBUF_LVCMOS33_S_4
-- Compiling module IOBUF_LVCMOS33_S_6
-- Compiling module IOBUF_LVCMOS33_S_8
-- Compiling module IOBUF_SSTL2_II_DCI
-- Compiling module IOBUF_S_12
-- Compiling module IODELAY
-- Compiling module LDE_1
-- Compiling module MUXF7_L
-- Compiling module NOR2B1
-- Compiling module NOR2B2
-- Compiling module OBUFDS_LVPECL_25
-- Compiling module OBUFTDS_LVDS_33
-- Compiling module OBUFT_LVCMOS18_S_2
-- Compiling module OBUFT_LVDCI_DV2_15
-- Compiling module OBUF_HSTL_II_DCI
-- Compiling module OBUF_HSTL_II_DCI_18
-- Compiling module OBUF_HSTL_IV_DCI_18
-- Compiling module OBUF_LVCMOS18_S_12
-- Compiling module OBUF_LVCMOS18_S_16
-- Compiling module OBUF_LVCMOS25_S_4
-- Compiling module OBUF_LVCMOS25_S_6
-- Compiling module OBUF_LVCMOS25_S_8
-- Compiling module OBUF_S_2
-- Compiling module OBUF_S_4
-- Compiling module OBUF_S_6
-- Compiling module OBUF_S_8
-- Compiling module RAM16X1D_1
-- Compiling module RAMB16_S36
-- Compiling module RAMB16_S36_S36
-- Compiling module RAMB36SDP
-- Compiling module ROM128X1
-- Compiling module USR_ACCESS_VIRTEX4
-- Compiling module USR_ACCESS_VIRTEX5
-- Compiling module FDCPE
-- Compiling module IBUFG_HSTL_II_DCI_18
-- Compiling module IBUFG_LVDCI_DV2_15
-- Compiling module IOBUF_HSTL_III
-- Compiling module IOBUF_LVDCI_DV2_18
-- Compiling module LUT6_D
-- Compiling module OBUFT_LVCMOS15
-- Compiling module OBUFT_LVCMOS18
-- Compiling module OBUFT_LVCMOS25_F_8
-- Compiling module OBUF_HSTL_I_DCI_18
-- Compiling module OBUF_LVCMOS15_F_8
-- Compiling module OBUF_LVDCI_DV2_33
-- Compiling module STARTUP_SPARTAN3A
-- Compiling module BSCAN_SPARTAN3
-- Compiling module BSCAN_SPARTAN6
-- Compiling module FDP
-- Compiling module FDRSE
-- Compiling module FIFO18_36
-- Compiling module IBUFGDS_DIFF_OUT
-- Compiling module IBUFG_LVCMOS12
-- Compiling module IBUFG_LVCMOS15
-- Compiling module IBUFG_PCI33_3
-- Compiling module IBUFG_PCI33_5
-- Compiling module IBUFG_SSTL2_I
-- Compiling module IBUF_HSTL_IV
-- Compiling module IOBUF_HSTL_IV_18
-- Compiling module IOBUF_LVCMOS15_S_16
-- Compiling module IOBUF_LVCMOS2
-- Compiling module IOBUF_LVTTL_S_6
-- Compiling module IOBUF_LVTTL_S_8
-- Compiling module IOBUF_SSTL18_II
-- Compiling module NOR5
-- Compiling module OBUFDS_LDT_25
-- Compiling module OBUFDS_ULVDS_25
-- Compiling module OBUFT_LVCMOS18_F_12
-- Compiling module OBUFT_LVCMOS18_F_16
-- Compiling module OBUFT_LVCMOS25_S_12
-- Compiling module OBUFT_LVCMOS25_S_16
-- Compiling module OBUFT_LVCMOS33_F_4
-- Compiling module OBUFT_LVCMOS33_F_6
-- Compiling module OBUFT_LVCMOS33_F_8
-- Compiling module OBUFT_LVDCI_25
-- Compiling module OBUFT_LVTTL_F_2
-- Compiling module OBUFT_LVTTL_F_4
-- Compiling module OBUFT_SSTL18_I
-- Compiling module OBUFT_SSTL3_II
-- Compiling module OBUF_LVCMOS2
-- Compiling module OBUF_LVCMOS25_F_12
-- Compiling module OBUF_SSTL2_II
-- Compiling module PLL_ADV
-- Compiling module RAMB16BWE
-- Compiling module RAMB16_S1_S4
-- Compiling module RAMB16_S1_S9
-- Compiling module RAMB16_S4_S18
-- Compiling module AMS_ADC
-- Compiling module AND2B1
-- Compiling module BUFGCE_1
-- Compiling module FDPE_1
-- Compiling module IBUFG_SSTL18_I
-- Compiling module IBUFG_SSTL3_II
-- Compiling module IOBUF_F_12
-- Compiling module IOBUF_F_16
-- Compiling module IOBUF_LVCMOS25_S_24
-- Compiling module IOBUF_LVDCI_33
-- Compiling module LDE
-- Compiling module LUT4_D
-- Compiling module OBUFT_AGP
-- Compiling module OBUFT_HSTL_III_DCI_18
-- Compiling module OBUFT_LVCMOS15_F_2
-- Compiling module OBUFT_LVCMOS15_F_4
-- Compiling module OBUFT_LVCMOS15_F_6
-- Compiling module OBUFT_LVCMOS15_F_8
-- Compiling module OBUFT_LVDCI_DV2_33
-- Compiling module OBUF_HSTL_IV_DCI
-- Compiling module OBUF_LVDCI_15
-- Compiling module OBUF_LVDCI_18
-- Compiling module OR3B1
-- Compiling module OR3B3
-- Compiling module RAMB16_S2_S36

Top level modules:
	AIE_ML_PL_M_EVENTS
	AIE_PL_M_AXIS32
	AIE_PL_S_AXIS64
	DCIRESET
	DIFFINBUF
	DSP48E2
	DSP48E5
	FRAME_ECCE4
	IBUFDS_IBUFDISABLE
	IOBUFDS
	IOBUFE3
	ODELAYE2_FINEDELAY
	PLLE3_BASE
	RAMD64E5
	STARTUPE3
	VCC
	X5PHIO_XCVR_X2
	AIE_ML_PL_S_AXIS128
	BUFMR
	CPM5N
	DFE_MATRIX_FIR
	DSP_FPA_OPM_REG
	DSP_SRCMX_OPTINV
	EFUSE_USR
	FIFO18E2
	GTHE2_COMMON
	GTPE2_CHANNEL
	GTYE3_COMMON
	IBUFE3
	KEEPER
	NOC_NSU128
	ODDRE1
	RAM64M
	RAMB18E5
	RAMB36E5_INT
	XRAM
	AIE_ML_PL_M_AXIS128
	BUFG_PS
	CMAC
	DSP_PREADD_DATA
	GTF_COMMON
	HBM_SNGLBLI_INTF_AXI
	IMC_FF
	MASTER_JTAG
	MBUFGCE
	MBUFG_HM
	ME_PL_S_AXIS64
	MUXF9
	NOC2_NSU512
	NOC2_XBR2X4
	NOC_NPS_VNOC
	PS9
	RAM256X1D
	RAM64X8SW
	RAMS64E5
	AIE_PL_S_EVENTS
	GTHE2_CHANNEL
	ICAPE3
	MBUFGCE_DIV
	ME_PL_S_AXIS32
	NOC_NMU512
	OBUF_ODDR
	RAMB36E2
	AIE_ML_PL_M_AXIS32
	AIE_PL_M_AXIS64
	AND2B1L
	BUFCE_ROW
	BUFIO
	DSP_A_B_DATA
	HBM_IO_MS
	IBUFDS_GTE2
	IBUFDS_GTE3
	IBUFDS_GTE4
	IBUFDS_GTE5
	IBUF_ANALOG
	IDELAYCTRL
	IOBUFDS_DIFF_OUT_DCIEN
	IOBUF_DCIEN
	ISERDESE1
	OBUFT_ODDR
	XPIO_VREF
	AIE_ML_PL_S_AXIS64
	BUFGCE
	CPM5
	DSPFP32
	DSP_FPA_CREG
	DSP_FP_INMUX
	HBM_PHY_MS
	HNICPIPE_QUAD
	IOBUFDS_COMP_ODDR
	LOOKAHEAD8
	NOC2_NPS5555
	OBUFDS_GTE3_ADV
	OBUFTDS_COMP_ODDR
	OBUFTDS_DCIEN
	PCIE_3_0
	PCIE_3_1
	RAM32X16DR8
	AIE_PL_S_AXIS128
	CLOCK_MOD_IRI_IMR
	DFE_FFT
	DFE_PQ_DECIM
	GTYE4_COMMON
	IOBUFDS_DCIEN
	PCIE_2_1
	PHASER_REF
	TX_BITSLICE_TRI
	CFGLUT5
	DDRMC5C
	IBUFDS_INTERMDISABLE_INT
	IOBUF
	NOC_NCRB
	OBUFDS_GTE4_ADV
	PSX
	RAMD32
	RXTX_BITSLICE
	AIE_ML_NOC_M_AXIS
	IBUFDS_IBUFDISABLE_INT
	ME_NOC_S_AXI
	OBUFTDS_COMP
	FE
	XPHY
	AIE_NOC_M_AXI
	AIE_NOC_S_AXI
	BUFCE_LEAF
	BUFMRCE
	DDRMC_RIU
	DNA_PORTE2
	DSP_FPM_PIPEREG
	HNICX
	IBUFDS_DPHY
	ISERDES
	NOC2_NMU512
	RAM256X1S
	X5PLL_INTF
	DFE_FIR
	DSPCPLX
	DSP_FP_CAS_DELAY
	DSP_FP_SRCMX_OPTINV
	DSP_PREADD
	HBM_IO_CHNL
	HPLL
	IBUFDS_DIFF_OUT_INTERMDISABLE
	IBUFDS_GTM
	IBUF_IBUFDISABLE
	IOBUF_INTERMDISABLE
	IOBUF_ODDR
	ME_NOC_S_AXIS
	NOC2_NMU256
	NOC2_NSU256
	OBUFDS_ODDR
	PHASER_OUT_PHY
	RAM512X1S
	X5PHIO_CMU_X32
	DSP_FPM_STAGE0
	DSP_FPM_STAGE1
	DSP_OUTPUT
	ISERDES_NODELAY
	ME_PL_M_AXIS64
	ME_PL_S_EVENTS
	MMCME3_BASE
	NOC_NPS4
	NOC_NPS6
	OBUFDS_GTE3
	OBUFDS_GTE4
	OBUFDS_GTE5
	PHY_CONTROL
	PULLDOWN
	RAM32M16
	RAMB18E5_INT
	AIE_NOC_S_AXIS
	BUFR
	DCMAC
	DSP_FP_INREG
	DSP_FP_OUTPUT
	GTF_CHANNEL
	HBM_TWO_STACK_INTF
	IOBUFDS_DIFF_OUT
	IOBUFDS_DIFF_OUT_INTERMDISABLE_ODDR
	MMCME4_BASE
	NOC_NIDB
	NPI_NIR
	RAM64M8
	RAMS32
	AIE_NOC_M_AXIS
	BFR_MATMULX
	BUFG_HM
	DSP_CAS_DELAY
	DSP_FP_ADDER
	DSP_M_DATA
	GTYE3_CHANNEL
	IBUFDS_GTME5
	IOBUFDS_DIFF_OUT_ODDR
	NOC_NMU128
	OBUFDS_GTME5_ADV
	PLLE2_BASE
	RAMD32M64
	RX_BITSLICE
	X5PLL_S2P
	AIE_ML_PL_S_EVENTS
	AIE_PL_M_EVENTS
	DFE_CFR
	IBUFDSE3
	INBUF
	IOBUFDS_INTERMDISABLE_ODDR
	IOBUFDS_ODDR
	MMCME5
	NOC_NMU256
	NOC_NPS7575
	OBUFDS_DPHY_COMP
	OBUFDS_GTE5_ADV
	OSERDESE1
	OSERDESE3
	PULLUP
	AIE_ML_PL_S_AXIS32
	AUTOBUF
	BUFDIV_LEAF
	CARRY8
	CMPHY_OCTAD
	DFE_PRACH
	DNA_PORT
	DPHY_DIFFINBUF
	DSP58C
	GTHE3_CHANNEL
	GTYP_QUAD
	IBUF_INTERMDISABLE
	ME_NOC_M_AXI
	PCIE40E4
	PCIE40E5
	SYSMONE4
	VCU
	BUF
	BUFG_GT
	BUFG_GT_SYNC
	CLOCK_MOD_CLE_FF
	CLOCK_MOD_IRI_FF
	DDRMC5
	DFE_NL_FIR
	GTXE2_COMMON
	HBM_PHY_CHNL
	HBM_SNGLBLI_INTF_APB
	LUT6_2
	NOC2_XBR4X2
	NOC_NPS5555
	OBUFDS_COMP
	OBUFDS_GTM
	RAMB18E2
	RAMS64E
	X5PLL
	XPIPE_QUAD
	VDU
	DSP_MULTIPLIER
	IOBUFDS_INTERMDISABLE
	RAMD64E
	BUFG
	BUFH
	DFE_PQ_INTERP
	HBM_MC
	IN_FIFO
	ME_PL_M_AXIS128
	PHASER_IN
	BUFG_FABRIC
	BUFHCE
	CARRY4
	FRAME_ECCE3
	GTHE4_CHANNEL
	HBM_REF_CLK
	IDELAYE2_FINEDELAY
	ILKNF
	MBUFGCTRL
	NOC2_NMU128
	NOC2_NSU128
	NOC_NPP_RPTR
	PCIE50E5
	PHASER_OUT
	RFADC_13B4W_M0
	RIU_OR
	SYSMONE1
	X5PHIO_DCCINVBUF
	AIE_PL_M_AXIS128
	BUFGCE_DIV
	DDRMC
	FIFO36E2
	GND
	GTHE4_COMMON
	GTXE2_CHANNEL
	HARD_SYNC
	HBM_ONE_STACK_INTF
	HPIO_VREF
	IBUFDS_DIFF_OUT_IBUFDISABLE
	IBUFDS_INTERMDISABLE
	LCLK_DELAY
	MRMAC
	NOC2_NPS7575
	NOC_NMU_HBM2E
	NOC_NSU512
	OBUFDS_COMP_ODDR
	OBUFDS_GTME5
	OR2L
	PCIE4CE4
	PHASER_IN_PHY
	RAMB36E5
	BIBUF
	CPM
	DCM_SP
	IDELAYE3
	IDELAYE5
	IMI_FF
	IOBUFDSE3
	JTAG_SIME2
	NOC_NCRB_SSIT
	OBUFDS_DPHY
	TX_BITSLICE
	HARD_INV
	AIE_PL_S_AXIS32
	BITSLICE_CONTROL
	DSP_ALU
	DSP_C_DATA
	GTYE4_CHANNEL
	IBUFCTRL
	IDDR_2CLK
	IOBUF_ANALOG
	ME_PL_M_AXIS32
	OBUFT_DCIEN
	OUT_FIFO
	RAM32M
	BUFGP
	CMACE4
	DFE_DUC_DDC
	DPLL
	GTPE2_COMMON
	ILKN
	IOBUFDS_DIFF_OUT_INTERMDISABLE
	MBUFG_PS
	ME_PL_M_EVENTS
	OBUFTDS_ODDR
	PLLE4_BASE
	URAM288
	URAM288_BASE
	ZHOLD_DELAY
	AIE_ML_PL_M_AXIS64
	CLOCK_MOD_CLE_IMR
	GTYE5_QUAD
	OSERDESE2
	DSP58
	GTHE3_COMMON
	ILKNE4
	IOBUFDS_COMP
	LUTCY1
	LUTCY2
	ME_NOC_M_AXIS
	OBUFDS_GTM_ADV
	ODELAYE3
	ODELAYE5
	PVT_SAS
	RAM128X1D
	RAMS64E1
	SRLC16E
	AIE_ML_NOC_M_AXI
	AIE_ML_NOC_S_AXI
	AIE_ML_NOC_S_AXIS
	IDDRE1
	ISERDESE2
	ISERDESE3
	LUT6CY
	MBUFG_GT
	ME_PL_S_AXIS128
	OSERDES
	PS7
	PS8
	X5PHIO_CMUIF
	XPLL
	IBUFG_GTLP_DCI
	IBUFG_LVCMOS2
	IBUF_GTL
	IBUF_GTL_DCI
	IBUF_LVCMOS2
	IBUF_LVTTL
	IOBUF_HSTL_IV
	IOBUF_HSTL_I_18
	LUT5_L
	OBUFT_S_24
	OBUF_GTLP
	OBUF_HSTL_III_18
	OBUF_HSTL_III_DCI
	OBUF_HSTL_IV
	OBUF_HSTL_I_DCI
	OBUF_LVTTL_F_12
	OBUF_SSTL18_II_DCI
	OR4B1
	OR4B2
	OR4B3
	RAMB16
	RAMB16_S18
	RAMB18
	ROM32X1
	ROM64X1
	AND4B1
	AND4B2
	AND4B3
	AND4B4
	BSCAN_VIRTEX4
	BSCAN_VIRTEX5
	BSCAN_VIRTEX6
	BUFGMUX_1
	CLKDLLE
	FIFO16
	FIFO18
	IBUFDS_BLVDS_25
	IBUFG_HSTL_IV_DCI
	IBUFG_HSTL_IV_DCI_18
	IBUF_LVCMOS18
	IBUF_LVDCI_DV2_15
	IBUF_LVDCI_DV2_18
	IOBUF_HSTL_II_18
	IOBUF_HSTL_II_DCI_18
	IOBUF_LVCMOS15_F_2
	IOBUF_LVCMOS33_S_12
	IOBUF_S_2
	LUT6_L
	OBUFT_HSTL_II
	OBUFT_HSTL_II_DCI_18
	OBUFT_HSTL_IV_DCI_18
	OBUFT_HSTL_I_DCI
	OBUFT_LVTTL
	OBUFT_PCIX66_3
	OBUF_AGP
	OBUF_LVCMOS15_F_16
	OBUF_LVCMOS33_F_2
	OBUF_LVCMOS33_F_4
	OBUF_LVCMOS33_F_6
	OBUF_LVCMOS33_F_8
	OBUF_SSTL18_I_DCI
	OR2B1
	RAMB16BWE_S36_S18
	ROM16X1
	AND2B2
	IBUFDS_LVDSEXT_25_DCI
	IBUFDS_LVDS_25
	IBUFGDS_LDT_25
	IBUFGDS_LVDSEXT_25_DCI
	IBUFG_HSTL_I
	IBUFG_HSTL_IV
	IBUFG_SSTL2_II
	IBUF_CTT
	IBUF_HSTL_IV_18
	IBUF_LVPECL
	IOBUF_F_2
	IOBUF_F_24
	IOBUF_F_4
	IOBUF_F_6
	IOBUF_F_8
	IOBUF_LVCMOS12
	IOBUF_LVCMOS15
	IOBUF_LVCMOS15_S_12
	IOBUF_LVCMOS18
	IOBUF_PCIX66_3
	LUT1_D
	NOR2
	NOR3
	NOR4
	NOR4B1
	NOR4B2
	NOR4B3
	NOR4B4
	OBUFTDS_LDT_25
	OBUFT_LVCMOS33_F_2
	OBUFT_LVDCI_15
	OBUFT_LVDCI_18
	OBUFT_LVDS
	OBUFT_PCI66_3
	OBUFT_SSTL18_I_DCI
	OBUFT_SSTL3_I
	OBUF_GTL_DCI
	OBUF_LVCMOS12_S_6
	OBUF_LVCMOS12_S_8
	OBUF_LVCMOS18_S_2
	OBUF_LVCMOS18_S_4
	OBUF_LVCMOS18_S_6
	OBUF_LVCMOS18_S_8
	OBUF_LVDCI_DV2_15
	OBUF_LVDCI_DV2_18
	OBUF_SSTL18_I
	OR2
	OR3
	OR4
	OR5
	RAM16X1D
	RAM32X4S
	RAMB16_S2_S2
	RAMB16_S2_S4
	RAMB16_S2_S9
	SRLC16E_1
	BUFGMUX
	IBUFDS_LVDSEXT_33
	IBUFG_SSTL2_I_DCI
	IBUF_GTLP_DCI
	IBUF_PCI66_3
	IBUF_SSTL18_II
	IOBUF_LVCMOS12_F_6
	IOBUF_LVCMOS12_F_8
	IOBUF_LVDCI_15
	IOBUF_LVTTL_F_8
	IOBUF_S_16
	NAND2
	OBUFT_LVCMOS12_S_2
	OBUFT_LVCMOS12_S_4
	OBUFT_LVCMOS12_S_6
	OBUFT_LVCMOS12_S_8
	OBUF_LVDS
	RAMB16BWE_S18
	AND5B1
	RAMB16_S1_S36
	RAMB16_S2_S18
	FIFO36_72
	IBUFDS_ULVDS_25
	IBUFG_CTT
	IBUFG_HSTL_II
	IBUFG_HSTL_III_18
	IBUFG_LVDCI_25
	IBUFG_SSTL18_II
	IBUF_SSTL2_II_DCI
	IOBUF_LVCMOS18_F_12
	IOBUF_SSTL2_II
	IODELAYE1
	LDP
	LUT4_L
	MULT18X18
	OBUFDS_LVPECL_33
	OBUFT_LVDCI_DV2_25
	OBUF_HSTL_III_DCI_18
	OBUF_LVCMOS18_F_12
	OBUF_LVCMOS18_F_16
	OBUF_LVCMOS25_S_12
	OBUF_LVCMOS25_S_24
	OBUF_LVTTL_S_2
	OBUF_LVTTL_S_4
	OBUF_LVTTL_S_6
	OR3B2
	SYSMON
	AND5B2
	AND5B3
	AND5B4
	AND5B5
	DSP48A
	DSP48E
	FD
	FDRSE_1
	IBUFDS_LVDSEXT_33_DCI
	IBUFGDS_LVDSEXT_33_DCI
	IBUFG_LVDCI_15
	IBUFG_LVDCI_18
	IBUFG_LVPECL
	IBUF_HSTL_III_DCI
	IBUF_SSTL3_I
	ICAP_SPARTAN6
	IOBUF_AGP
	IOBUF_LVCMOS12_F_2
	IOBUF_LVCMOS12_F_4
	IOBUF_LVCMOS18_F_16
	IOBUF_LVCMOS18_F_8
	IOBUF_LVCMOS25_S_12
	IOBUF_LVCMOS25_S_16
	IOBUF_LVCMOS25_S_2
	IOBUF_LVCMOS25_S_4
	IOBUF_LVCMOS25_S_6
	IOBUF_LVCMOS25_S_8
	IOBUF_LVDCI_25
	IOBUF_SSTL18_I
	LDC
	MMCM_ADV
	MUXCY_D
	NAND2B1
	NAND2B2
	NAND3
	NAND4
	NAND5
	OBUFT_GTL
	OBUFT_HSTL_IV_18
	OBUFT_HSTL_I_18
	OBUFT_LVCMOS18_S_12
	OBUFT_LVCMOS18_S_16
	OBUFT_LVCMOS18_S_4
	OBUFT_LVCMOS18_S_6
	OBUFT_LVCMOS18_S_8
	OBUFT_LVDCI_DV2_18
	OBUF_LVCMOS25_S_16
	RAM32X2S
	RAMB16BWE_S18_S9
	RAMB16BWE_S36
	RAMB16_S4_S4
	DCM_PS
	DSP48A1
	FDE
	FDR_1
	IBUFGDS_LVPECL_25
	IBUFG_HSTL_II_DCI
	IBUFG_LVDCI_33
	IBUF_HSTL_I
	IBUF_HSTL_I_DCI_18
	IBUF_PCI33_3
	IBUF_PCI33_5
	IBUF_SSTL2_I
	ICAP_VIRTEX4
	ICAP_VIRTEX5
	ICAP_VIRTEX6
	IOBUF_LVCMOS12_S_2
	IOBUF_LVCMOS12_S_4
	IOBUF_LVCMOS25_F_24
	MUXF6_D
	OBUFDS_LVDS_25
	OBUFTDS_LVDSEXT_25
	OBUFT_F_4
	OBUFT_F_6
	OBUFT_F_8
	OBUFT_LVDCI_33
	OBUFT_SSTL3_I_DCI
	OBUF_HSTL_IV_18
	OBUF_LVCMOS15_S_16
	OBUF_LVDCI_DV2_25
	RAM32X1S_1
	RAM64X1S_1
	XNOR2
	XNOR3
	XNOR4
	XNOR5
	BUFIO2
	FDC
	IBUFDS_LVDS_33
	IBUFG_LVTTL
	IOBUF_LVCMOS25
	IOBUF_LVCMOS25_F_12
	IOBUF_LVCMOS25_F_16
	IOBUF_LVTTL
	IOBUF_LVTTL_S_2
	IOBUF_LVTTL_S_4
	MUXF6_L
	OBUFT_F_2
	OBUFT_HSTL_II_18
	OBUF_LVCMOS15_S_12
	OBUF_LVCMOS25_F_16
	RAM16X1S
	RAMB16_S1_S1
	RAMB16_S1_S2
	BUFGMUX_VIRTEX4
	IOBUF_LVCMOS15_S_2
	NOR5B2
	NOR5B3
	NOR5B4
	OBUFT_LVCMOS33_F_16
	OBUF_LVCMOS12_F_2
	OBUF_LVCMOS12_F_4
	OBUF_LVCMOS12_F_6
	OBUF_LVTTL_F_16
	OBUF_PCIX
	BSCAN_SPARTAN3A
	CAPTURE_SPARTAN3A
	CLKDLL
	IBUF_HSTL_II
	IOBUF_GTL_DCI
	IOBUF_HSTL_I
	LDCP
	LUT1_L
	OBUF_LVCMOS12_S_2
	OBUF_LVCMOS12_S_4
	OBUF_LVDCI_25
	OBUF_LVTTL_S_8
	OBUF_SSTL18_II
	OBUF_SSTL3_II
	RAMB16_S9_S18
	AND2
	AND3
	BUFGMUX_CTRL
	CAPTURE_VIRTEX4
	CAPTURE_VIRTEX5
	CAPTURE_VIRTEX6
	FIFO36
	GTXE1
	IBUFG_GTL
	IBUFG_GTL_DCI
	IBUFG_HSTL_III
	IBUFG_HSTL_II_18
	IBUFG_LVDCI_DV2_33
	IBUF_LVCMOS12
	IBUF_LVCMOS25
	IBUF_LVDCI_DV2_25
	IBUF_SSTL18_II_DCI
	IOBUF_LVCMOS15_F_4
	IOBUF_LVCMOS15_F_8
	IOBUF_LVTTL_S_12
	IOBUF_LVTTL_S_16
	LD
	LDPE_1
	MULT18X18SIO
	MUXF8_D
	MUXF8_L
	NOR3B1
	NOR3B2
	NOR3B3
	OBUFDS_LVDSEXT_25
	OBUFT_CTT
	OBUFT_HSTL_III_18
	OBUFT_HSTL_I_DCI_18
	OBUFT_LVCMOS15_F_12
	OBUFT_LVCMOS15_S_6
	OBUFT_LVCMOS25
	OBUFT_LVCMOS33_S_2
	OBUFT_LVCMOS33_S_6
	OBUFT_LVTTL_F_12
	OBUFT_PCI33_3
	OBUFT_SSTL2_I
	OBUFT_SSTL2_II_DCI
	OBUFT_S_12
	OBUF_F_16
	OBUF_HSTL_III
	OBUF_HSTL_II_18
	OBUF_LVCMOS25_F_2
	OBUF_LVCMOS25_F_4
	OBUF_SSTL3_I
	OBUF_SSTL3_II_DCI
	RAM16X1S_1
	RAM32X8S
	RAMB16BWE_S36_S9
	RAMB16_S1
	RAMB16_S2
	ROM256X1
	SRL16E_1
	SRLC16
	AND4
	AND5
	BUFIODQS
	IBUFG_HSTL_I_18
	IBUF_PCIX66_3
	IOBUFDS_BLVDS_25
	IOBUF_HSTL_IV_DCI_18
	IOBUF_LVCMOS33_F_12
	MUXF5
	MUXF5_D
	MUXF6
	OBUFDS_BLVDS_25
	OBUFDS_LVDSEXT_33
	OBUFT_LVCMOS12_F_2
	OBUFT_LVCMOS33
	OBUFT_LVCMOS33_S_16
	OBUFT_LVCMOS33_S_4
	OBUFT_LVCMOS33_S_8
	OBUFT_LVPECL
	OBUFT_LVTTL_F_16
	OBUFT_LVTTL_S_4
	OBUFT_LVTTL_S_6
	OBUFT_LVTTL_S_8
	OBUFT_PCI33_5
	OBUF_F_12
	OBUF_LVCMOS25_F_6
	OBUF_LVCMOS25_F_8
	OBUF_LVCMOS33_F_12
	OBUF_LVCMOS33_S_24
	OBUF_LVPECL
	OBUF_LVTTL_S_12
	OBUF_LVTTL_S_16
	RAM64X1D_1
	RAMB16BWE_S36_S36
	RAMB16_S18_S18
	RAMB16_S9_S9
	STARTUP_VIRTEX4
	STARTUP_VIRTEX5
	STARTUP_VIRTEX6
	CAPTURE_SPARTAN3
	DCM
	DCM_BASE
	FDE_1
	FDSE_1
	FDS_1
	IBUFG_HSTL_III_DCI
	IBUFG_PCI66_3
	IBUFG_SSTL3_I
	IBUF_HSTL_IV_DCI_18
	IBUF_SSTL3_II_DCI
	IDELAY
	IOBUF_LVCMOS15_S_4
	IOBUF_LVCMOS15_S_6
	IOBUF_LVCMOS15_S_8
	IOBUF_LVCMOS18_S_12
	IOBUF_LVCMOS18_S_16
	IOBUF_LVTTL_F_2
	IOBUF_LVTTL_F_24
	IOBUF_LVTTL_F_4
	IOBUF_LVTTL_F_6
	IODELAY2
	MMCM_BASE
	MUXF7_D
	NOR5B5
	OBUFTDS_LVPECL_33
	OBUFT_F_24
	OBUFT_GTLP_DCI
	OBUFT_GTL_DCI
	OBUFT_LVCMOS33_F_24
	OBUF_LVCMOS12_F_8
	OBUF_LVCMOS18_F_4
	OBUF_LVCMOS18_F_6
	OBUF_LVCMOS18_F_8
	OBUF_LVCMOS25_S_2
	OBUF_LVTTL_F_24
	RAM16X8S
	RAMB36
	IBUF_GTLP
	IBUF_LVCMOS15
	IBUF_PCIX
	IBUF_SSTL2_I_DCI
	IOBUF_LVCMOS15_F_6
	IOBUF_LVCMOS33_S_24
	IOBUF_LVDCI_DV2_33
	IOBUF_LVDS
	IOBUF_PCI66_3
	IOBUF_SSTL3_I
	IOBUF_S_4
	IOBUF_S_6
	IOBUF_S_8
	LUT3_L
	OBUFT_HSTL_III_DCI
	OBUFT_LVCMOS15_S_8
	OBUFT_LVCMOS25_F_24
	OBUFT_LVTTL_S_24
	OBUF_HSTL_I_18
	OBUF_LVCMOS33
	OBUF_LVTTL
	OBUF_PCI66_3
	RAM16X4S
	RAMB16_S4
	RAMB16_S9
	FDCP_1
	IBUFDS_LDT_25
	IBUFGDS_LVPECL_33
	IBUFG_HSTL_IV_18
	IBUFG_LVCMOS25
	IBUFG_LVDCI_DV2_18
	IBUF_SSTL3_I_DCI
	IOBUF_CTT
	IOBUF_LVCMOS12_S_6
	IOBUF_LVCMOS12_S_8
	IOBUF_LVCMOS18_S_6
	IOBUF_LVCMOS18_S_8
	IOBUF_LVDCI_DV2_15
	IOBUF_PCIX
	LDCPE
	NAND4B3
	OBUFDS_LVDS_33
	OBUFTDS_BLVDS_25
	OBUFTDS_LVDSEXT_33
	OBUFT_LVCMOS12
	OBUFT_LVCMOS15_S_12
	OBUFT_LVTTL_S_12
	OBUFT_LVTTL_S_16
	OBUF_GTL
	OBUF_PCIX66_3
	OBUF_S_12
	OBUF_S_16
	OR5B1
	OR5B2
	OR5B3
	OR5B4
	OR5B5
	PLL_BASE
	RAM64X2S
	SRL32E
	IBUFDS_LVDSEXT_25
	IBUFDS_LVDS_25_DCI
	IBUFGDS_LVDSEXT_33
	IBUFGDS_LVDS_33_DCI
	IBUFG_HSTL_I_DCI
	IBUFG_SSTL3_I_DCI
	IBUF_SSTL18_I_DCI
	IOBUF_LVCMOS25_F_4
	IOBUF_LVCMOS25_F_6
	IOBUF_LVCMOS25_F_8
	IOBUF_LVTTL_F_12
	IOBUF_LVTTL_F_16
	LDCP_1
	LUT5_D
	NAND3B1
	NAND3B2
	NAND3B3
	OBUFTDS_LVDS_25
	OBUFT_F_12
	OBUF_HSTL_II
	OBUF_LVCMOS33_F_24
	OBUF_LVCMOS33_S_8
	OBUF_LVTTL_F_2
	OBUF_LVTTL_F_4
	OBUF_LVTTL_F_6
	OBUF_PCI33_3
	OR4B4
	RAMB16BWER
	RAMB16_S18_S36
	XORCY_D
	IBUFDS_GTXE1
	IBUFGDS_LVDS_33
	IBUFG_HSTL_I_DCI_18
	IBUFG_LVCMOS33
	IBUFG_LVDCI_DV2_25
	IBUFG_LVDS
	IBUF_HSTL_I_18
	IBUF_LVDCI_25
	IBUF_LVDCI_33
	IBUF_SSTL18_I
	IBUF_SSTL2_II
	IOBUF_LVCMOS15_F_12
	IOBUF_LVCMOS15_F_16
	IOBUF_LVCMOS33_S_16
	IOBUF_LVDCI_DV2_25
	LD_1
	LUT3_D
	NAND4B1
	NAND4B2
	OBUFT_HSTL_IV
	OBUFT_LVCMOS15_S_16
	OBUFT_LVCMOS15_S_2
	OBUFT_LVCMOS15_S_4
	OBUFT_LVCMOS25_F_12
	OBUFT_LVCMOS25_F_16
	OBUFT_SSTL2_I_DCI
	OBUF_LVCMOS15_F_12
	OBUF_LVCMOS25
	OBUF_LVCMOS33_S_12
	OBUF_LVCMOS33_S_16
	OBUF_SSTL3_I_DCI
	OBUF_S_24
	OR2B2
	RAMB16BWE_S18_S18
	RAMB16_S4_S36
	RAMB18SDP
	SRL16_1
	SRLC16_1
	AMS_DAC
	IBUF_AGP
	MULT18X18S
	NOR5B1
	OBUF_LVCMOS18_F_2
	AND3B1
	AND3B2
	AND3B3
	CLKDLLHF
	FDCPE_1
	IBUF_HSTL_II_DCI
	IOBUF_HSTL_II_DCI
	IOBUF_PCI33_3
	IOBUF_PCI33_5
	IOBUF_SSTL2_I
	LDCPE_1
	LUT2_D
	LUT2_L
	OBUFTDS_LVPECL_25
	OBUFT_F_16
	OBUFT_HSTL_II_DCI
	OBUFT_LVCMOS33_F_12
	OBUFT_SSTL18_II_DCI
	OBUF_CTT
	OBUF_GTLP_DCI
	OBUF_LVCMOS33_S_2
	OBUF_LVCMOS33_S_4
	OBUF_LVCMOS33_S_6
	OBUF_LVTTL_F_8
	OBUF_PCI33_5
	OBUF_SSTL2_I
	TEMAC_SINGLE
	XORCY_L
	BUFG_LB
	FDCP
	FRAME_ECC_VIRTEX6
	IBUFDS_LVDS_33_DCI
	IBUFGDS_BLVDS_25
	IBUFGDS_LVDSEXT_25
	IBUFG_SSTL18_II_DCI
	IBUFG_SSTL3_II_DCI
	IBUF_HSTL_III
	IBUF_LVCMOS33
	IBUF_LVDCI_DV2_33
	IOBUF_HSTL_II
	IOBUF_LVCMOS25_F_2
	IOBUF_LVCMOS33_F_24
	IOBUF_LVTTL_S_24
	IOBUF_SSTL3_II_DCI
	KEY_CLEAR
	LDCE_1
	OBUFT_HSTL_I
	OBUFT_LVCMOS25_S_2
	OBUFT_LVCMOS25_S_4
	OBUFT_LVCMOS25_S_6
	OBUFT_LVCMOS25_S_8
	OBUFT_LVCMOS33_S_24
	OBUFT_LVTTL_F_24
	OBUF_HSTL_I
	OBUF_LVCMOS15_S_2
	OBUF_LVCMOS15_S_4
	OBUF_LVCMOS15_S_6
	OBUF_LVCMOS15_S_8
	OBUF_LVTTL_S_24
	ODDR2
	RAM32X1D_1
	STARTUP_SPARTAN3
	STARTUP_SPARTAN6
	FDRS
	FD_1
	IBUFG_HSTL_III_DCI_18
	IBUF_HSTL_IV_DCI
	IOBUF_HSTL_IV_DCI
	IOBUF_LVCMOS18_F_2
	IOBUF_LVCMOS18_F_4
	IOBUF_LVCMOS18_F_6
	IOBUF_LVDCI_18
	IOBUF_LVPECL
	IOBUF_SSTL3_II
	IOBUF_S_24
	LDP_1
	MUXCY_L
	NAND5B1
	NAND5B2
	NAND5B3
	NAND5B4
	NAND5B5
	OBUFTDS_ULVDS_25
	OBUFT_GTLP
	OBUFT_HSTL_IV_DCI
	OBUFT_LVCMOS2
	OBUFT_PCIX
	RAMB16_S4_S9
	USR_ACCESS_VIRTEX6
	DSP48
	FDC_1
	GTPA1_DUAL
	IBUFG_AGP
	IBUFG_SSTL18_I_DCI
	IBUF_HSTL_III_18
	IBUF_HSTL_III_DCI_18
	IBUF_HSTL_I_DCI
	IBUF_LVDS
	ICAP_SPARTAN3A
	IDDR2
	IOBUF_GTLP_DCI
	IOBUF_HSTL_III_18
	IOBUF_LVCMOS33_F_16
	IOBUF_LVCMOS33_F_2
	IOBUF_LVCMOS33_F_4
	IOBUF_LVCMOS33_F_6
	IOBUF_LVCMOS33_F_8
	IOBUF_SSTL18_II_DCI
	LDC_1
	MULT_AND
	MUXF5_L
	OBUFT_HSTL_III
	OBUFT_LVCMOS12_F_4
	OBUFT_LVCMOS12_F_6
	OBUFT_LVCMOS12_F_8
	OBUFT_LVCMOS15_F_16
	OBUFT_LVCMOS18_F_2
	OBUFT_LVCMOS18_F_4
	OBUFT_LVCMOS18_F_6
	OBUFT_LVCMOS18_F_8
	OBUFT_LVCMOS33_S_12
	OBUFT_LVTTL_S_2
	OBUFT_SSTL18_II
	OBUFT_S_16
	OBUFT_S_2
	OBUFT_S_4
	OBUFT_S_6
	OBUFT_S_8
	OBUF_F_2
	OBUF_F_24
	OBUF_F_4
	OBUF_F_6
	OBUF_F_8
	OBUF_LVCMOS33_F_16
	OBUF_SSTL2_I_DCI
	OBUF_SSTL2_II_DCI
	RAMB16_S1_S18
	FDCE_1
	FDR
	FDS
	IBUFGDS_LVDS_25
	IBUFGDS_ULVDS_25
	IBUFG_GTLP
	IBUFG_LVCMOS18
	IBUFG_PCIX
	IBUFG_PCIX66_3
	IBUF_HSTL_II_18
	IBUF_LVDCI_15
	IBUF_LVDCI_18
	IBUF_SSTL3_II
	IOBUF_GTLP
	IOBUF_LVCMOS18_S_2
	IOBUF_LVCMOS18_S_4
	IOBUF_LVCMOS33
	NAND4B4
	OBUFT_LVCMOS25_F_2
	OBUFT_LVCMOS25_F_4
	OBUFT_LVCMOS25_F_6
	OBUFT_LVCMOS25_S_24
	OBUFT_LVTTL_F_6
	OBUFT_LVTTL_F_8
	OBUFT_SSTL2_II
	OBUFT_SSTL3_II_DCI
	OBUF_LVCMOS12
	OBUF_LVCMOS15
	OBUF_LVCMOS15_F_2
	OBUF_LVCMOS15_F_4
	OBUF_LVCMOS15_F_6
	OBUF_LVCMOS18
	OBUF_LVCMOS25_F_24
	OBUF_LVDCI_33
	RAM128X1S_1
	RAM16X2S
	RAMB16_S9_S36
	RAMB8BWER
	SRL16
	XOR2
	XOR3
	XOR4
	XOR5
	FDP_1
	FDRE_1
	FDRS_1
	IBUFDS_LVPECL_25
	IBUFDS_LVPECL_33
	IBUFGDS_LVDS_25_DCI
	IBUFG_SSTL2_II_DCI
	IBUF_HSTL_II_DCI_18
	IOBUF_GTL
	IOBUF_LVCMOS33_S_2
	IOBUF_LVCMOS33_S_4
	IOBUF_LVCMOS33_S_6
	IOBUF_LVCMOS33_S_8
	IOBUF_SSTL2_II_DCI
	IOBUF_S_12
	IODELAY
	LDE_1
	MUXF7_L
	NOR2B1
	NOR2B2
	OBUFDS_LVPECL_25
	OBUFTDS_LVDS_33
	OBUFT_LVCMOS18_S_2
	OBUFT_LVDCI_DV2_15
	OBUF_HSTL_II_DCI
	OBUF_HSTL_II_DCI_18
	OBUF_HSTL_IV_DCI_18
	OBUF_LVCMOS18_S_12
	OBUF_LVCMOS18_S_16
	OBUF_LVCMOS25_S_4
	OBUF_LVCMOS25_S_6
	OBUF_LVCMOS25_S_8
	OBUF_S_2
	OBUF_S_4
	OBUF_S_6
	OBUF_S_8
	RAM16X1D_1
	RAMB16_S36
	RAMB16_S36_S36
	RAMB36SDP
	ROM128X1
	USR_ACCESS_VIRTEX4
	USR_ACCESS_VIRTEX5
	FDCPE
	IBUFG_HSTL_II_DCI_18
	IBUFG_LVDCI_DV2_15
	IOBUF_HSTL_III
	IOBUF_LVDCI_DV2_18
	LUT6_D
	OBUFT_LVCMOS15
	OBUFT_LVCMOS18
	OBUFT_LVCMOS25_F_8
	OBUF_HSTL_I_DCI_18
	OBUF_LVCMOS15_F_8
	OBUF_LVDCI_DV2_33
	STARTUP_SPARTAN3A
	BSCAN_SPARTAN3
	BSCAN_SPARTAN6
	FDP
	FDRSE
	FIFO18_36
	IBUFGDS_DIFF_OUT
	IBUFG_LVCMOS12
	IBUFG_LVCMOS15
	IBUFG_PCI33_3
	IBUFG_PCI33_5
	IBUFG_SSTL2_I
	IBUF_HSTL_IV
	IOBUF_HSTL_IV_18
	IOBUF_LVCMOS15_S_16
	IOBUF_LVCMOS2
	IOBUF_LVTTL_S_6
	IOBUF_LVTTL_S_8
	IOBUF_SSTL18_II
	NOR5
	OBUFDS_LDT_25
	OBUFDS_ULVDS_25
	OBUFT_LVCMOS18_F_12
	OBUFT_LVCMOS18_F_16
	OBUFT_LVCMOS25_S_12
	OBUFT_LVCMOS25_S_16
	OBUFT_LVCMOS33_F_4
	OBUFT_LVCMOS33_F_6
	OBUFT_LVCMOS33_F_8
	OBUFT_LVDCI_25
	OBUFT_LVTTL_F_2
	OBUFT_LVTTL_F_4
	OBUFT_SSTL18_I
	OBUFT_SSTL3_II
	OBUF_LVCMOS2
	OBUF_LVCMOS25_F_12
	OBUF_SSTL2_II
	PLL_ADV
	RAMB16BWE
	RAMB16_S1_S4
	RAMB16_S1_S9
	RAMB16_S4_S18
	AMS_ADC
	AND2B1
	BUFGCE_1
	FDPE_1
	IBUFG_SSTL18_I
	IBUFG_SSTL3_II
	IOBUF_F_12
	IOBUF_F_16
	IOBUF_LVCMOS25_S_24
	IOBUF_LVDCI_33
	LDE
	LUT4_D
	OBUFT_AGP
	OBUFT_HSTL_III_DCI_18
	OBUFT_LVCMOS15_F_2
	OBUFT_LVCMOS15_F_4
	OBUFT_LVCMOS15_F_6
	OBUFT_LVCMOS15_F_8
	OBUFT_LVDCI_DV2_33
	OBUF_HSTL_IV_DCI
	OBUF_LVDCI_15
	OBUF_LVDCI_18
	OR3B1
	OR3B3
	RAMB16_S2_S36
End time: 18:58:09 on Jan 19,2024, Elapsed time: 0:00:11
Errors: 0, Warnings: 0
QuestaSim-64 vlog 2022.4 Compiler 2022.10 Oct 18 2022
Start time: 18:58:09 on Jan 19,2024
vlog -64 -sv -svinputport=relaxed -work unisims_ver -f /home/azafeer/Desktop/test/reg_sim/reg_sim.cache/compile_simlib/questa/unisims_ver/.cxl.sv.unisim.unisims_ver.cmf 
-- Compiling module HSADC
-- Compiling module HSDAC
-- Compiling module RFDAC
-- Compiling module RFADC
-- Compiling module GTM_DUAL
-- Compiling module URAM288E5
-- Compiling module URAM288E5_BASE
-- Compiling module GTME5_QUAD

Top level modules:
	HSADC
	HSDAC
	RFDAC
	RFADC
	GTM_DUAL
	URAM288E5
	URAM288E5_BASE
	GTME5_QUAD
End time: 18:58:09 on Jan 19,2024, Elapsed time: 0:00:00
Errors: 0, Warnings: 0
